ARM GAS  C:\Users\jsing\AppData\Local\Temp\cc1qO6M9.s 			page 1


   1              		.cpu cortex-m0
   2              		.fpu softvfp
   3              		.eabi_attribute 20, 1
   4              		.eabi_attribute 21, 1
   5              		.eabi_attribute 23, 3
   6              		.eabi_attribute 24, 1
   7              		.eabi_attribute 25, 1
   8              		.eabi_attribute 26, 1
   9              		.eabi_attribute 30, 6
  10              		.eabi_attribute 34, 0
  11              		.eabi_attribute 18, 4
  12              		.code	16
  13              		.file	"main.c"
  14              		.text
  15              	.Ltext0:
  16              		.cfi_sections	.debug_frame
  17              		.section	.text.main,"ax",%progbits
  18              		.align	2
  19              		.global	main
  20              		.code	16
  21              		.thumb_func
  22              		.type	main, %function
  23              	main:
  24              	.LFB35:
  25              		.file 1 ".\\main.c"
   1:.\main.c      **** /* ========================================
   2:.\main.c      ****  *
   3:.\main.c      ****  * Copyright YOUR COMPANY, THE YEAR
   4:.\main.c      ****  * All Rights Reserved
   5:.\main.c      ****  * UNPUBLISHED, LICENSED SOFTWARE.
   6:.\main.c      ****  *
   7:.\main.c      ****  * CONFIDENTIAL AND PROPRIETARY INFORMATION
   8:.\main.c      ****  * WHICH IS THE PROPERTY OF your company.
   9:.\main.c      ****  *
  10:.\main.c      ****  * ========================================
  11:.\main.c      **** */
  12:.\main.c      **** #include <project.h>
  13:.\main.c      **** 
  14:.\main.c      **** int main()
  15:.\main.c      **** {
  26              		.loc 1 15 0
  27              		.cfi_startproc
  28 0000 80B5     		push	{r7, lr}
  29              		.cfi_def_cfa_offset 8
  30              		.cfi_offset 7, -8
  31              		.cfi_offset 14, -4
  32 0002 00AF     		add	r7, sp, #0
  33              		.cfi_def_cfa_register 7
  16:.\main.c      ****     
  17:.\main.c      ****     PWM_1_Start();
  34              		.loc 1 17 0
  35 0004 FFF7FEFF 		bl	PWM_1_Start
  36              	.L2:
  18:.\main.c      ****     /* Place your initialization/startup code here (e.g. MyInst_Start()) */
  19:.\main.c      **** 
  20:.\main.c      ****     /* CyGlobalIntEnable; */ /* Uncomment this line to enable global interrupts. */
  21:.\main.c      ****     for(;;)
ARM GAS  C:\Users\jsing\AppData\Local\Temp\cc1qO6M9.s 			page 2


  22:.\main.c      ****     {
  23:.\main.c      **** 
  24:.\main.c      ****         
  25:.\main.c      ****     }
  37              		.loc 1 25 0 discriminator 1
  38 0008 FEE7     		b	.L2
  39              		.cfi_endproc
  40              	.LFE35:
  41              		.size	main, .-main
  42              		.text
  43              	.Letext0:
  44              		.section	.debug_info,"",%progbits
  45              	.Ldebug_info0:
  46 0000 99000000 		.4byte	0x99
  47 0004 0400     		.2byte	0x4
  48 0006 00000000 		.4byte	.Ldebug_abbrev0
  49 000a 04       		.byte	0x4
  50 000b 01       		.uleb128 0x1
  51 000c 86000000 		.4byte	.LASF13
  52 0010 01       		.byte	0x1
  53 0011 54010000 		.4byte	.LASF14
  54 0015 1B000000 		.4byte	.LASF15
  55 0019 00000000 		.4byte	.Ldebug_ranges0+0
  56 001d 00000000 		.4byte	0
  57 0021 00000000 		.4byte	.Ldebug_line0
  58 0025 02       		.uleb128 0x2
  59 0026 01       		.byte	0x1
  60 0027 06       		.byte	0x6
  61 0028 42010000 		.4byte	.LASF0
  62 002c 02       		.uleb128 0x2
  63 002d 01       		.byte	0x1
  64 002e 08       		.byte	0x8
  65 002f 02010000 		.4byte	.LASF1
  66 0033 02       		.uleb128 0x2
  67 0034 02       		.byte	0x2
  68 0035 05       		.byte	0x5
  69 0036 1E010000 		.4byte	.LASF2
  70 003a 02       		.uleb128 0x2
  71 003b 02       		.byte	0x2
  72 003c 07       		.byte	0x7
  73 003d 2F010000 		.4byte	.LASF3
  74 0041 02       		.uleb128 0x2
  75 0042 04       		.byte	0x4
  76 0043 05       		.byte	0x5
  77 0044 15010000 		.4byte	.LASF4
  78 0048 02       		.uleb128 0x2
  79 0049 04       		.byte	0x4
  80 004a 07       		.byte	0x7
  81 004b 5D000000 		.4byte	.LASF5
  82 004f 02       		.uleb128 0x2
  83 0050 08       		.byte	0x8
  84 0051 05       		.byte	0x5
  85 0052 00000000 		.4byte	.LASF6
  86 0056 02       		.uleb128 0x2
  87 0057 08       		.byte	0x8
  88 0058 07       		.byte	0x7
  89 0059 6F000000 		.4byte	.LASF7
ARM GAS  C:\Users\jsing\AppData\Local\Temp\cc1qO6M9.s 			page 3


  90 005d 03       		.uleb128 0x3
  91 005e 04       		.byte	0x4
  92 005f 05       		.byte	0x5
  93 0060 696E7400 		.ascii	"int\000"
  94 0064 02       		.uleb128 0x2
  95 0065 04       		.byte	0x4
  96 0066 07       		.byte	0x7
  97 0067 0E000000 		.4byte	.LASF8
  98 006b 02       		.uleb128 0x2
  99 006c 04       		.byte	0x4
 100 006d 04       		.byte	0x4
 101 006e 4E010000 		.4byte	.LASF9
 102 0072 02       		.uleb128 0x2
 103 0073 08       		.byte	0x8
 104 0074 04       		.byte	0x4
 105 0075 28010000 		.4byte	.LASF10
 106 0079 02       		.uleb128 0x2
 107 007a 01       		.byte	0x1
 108 007b 08       		.byte	0x8
 109 007c 10010000 		.4byte	.LASF11
 110 0080 02       		.uleb128 0x2
 111 0081 04       		.byte	0x4
 112 0082 07       		.byte	0x7
 113 0083 5D010000 		.4byte	.LASF12
 114 0087 04       		.uleb128 0x4
 115 0088 58000000 		.4byte	.LASF16
 116 008c 01       		.byte	0x1
 117 008d 0E       		.byte	0xe
 118 008e 5D000000 		.4byte	0x5d
 119 0092 00000000 		.4byte	.LFB35
 120 0096 0A000000 		.4byte	.LFE35-.LFB35
 121 009a 01       		.uleb128 0x1
 122 009b 9C       		.byte	0x9c
 123 009c 00       		.byte	0
 124              		.section	.debug_abbrev,"",%progbits
 125              	.Ldebug_abbrev0:
 126 0000 01       		.uleb128 0x1
 127 0001 11       		.uleb128 0x11
 128 0002 01       		.byte	0x1
 129 0003 25       		.uleb128 0x25
 130 0004 0E       		.uleb128 0xe
 131 0005 13       		.uleb128 0x13
 132 0006 0B       		.uleb128 0xb
 133 0007 03       		.uleb128 0x3
 134 0008 0E       		.uleb128 0xe
 135 0009 1B       		.uleb128 0x1b
 136 000a 0E       		.uleb128 0xe
 137 000b 55       		.uleb128 0x55
 138 000c 17       		.uleb128 0x17
 139 000d 11       		.uleb128 0x11
 140 000e 01       		.uleb128 0x1
 141 000f 10       		.uleb128 0x10
 142 0010 17       		.uleb128 0x17
 143 0011 00       		.byte	0
 144 0012 00       		.byte	0
 145 0013 02       		.uleb128 0x2
 146 0014 24       		.uleb128 0x24
ARM GAS  C:\Users\jsing\AppData\Local\Temp\cc1qO6M9.s 			page 4


 147 0015 00       		.byte	0
 148 0016 0B       		.uleb128 0xb
 149 0017 0B       		.uleb128 0xb
 150 0018 3E       		.uleb128 0x3e
 151 0019 0B       		.uleb128 0xb
 152 001a 03       		.uleb128 0x3
 153 001b 0E       		.uleb128 0xe
 154 001c 00       		.byte	0
 155 001d 00       		.byte	0
 156 001e 03       		.uleb128 0x3
 157 001f 24       		.uleb128 0x24
 158 0020 00       		.byte	0
 159 0021 0B       		.uleb128 0xb
 160 0022 0B       		.uleb128 0xb
 161 0023 3E       		.uleb128 0x3e
 162 0024 0B       		.uleb128 0xb
 163 0025 03       		.uleb128 0x3
 164 0026 08       		.uleb128 0x8
 165 0027 00       		.byte	0
 166 0028 00       		.byte	0
 167 0029 04       		.uleb128 0x4
 168 002a 2E       		.uleb128 0x2e
 169 002b 00       		.byte	0
 170 002c 3F       		.uleb128 0x3f
 171 002d 19       		.uleb128 0x19
 172 002e 03       		.uleb128 0x3
 173 002f 0E       		.uleb128 0xe
 174 0030 3A       		.uleb128 0x3a
 175 0031 0B       		.uleb128 0xb
 176 0032 3B       		.uleb128 0x3b
 177 0033 0B       		.uleb128 0xb
 178 0034 49       		.uleb128 0x49
 179 0035 13       		.uleb128 0x13
 180 0036 11       		.uleb128 0x11
 181 0037 01       		.uleb128 0x1
 182 0038 12       		.uleb128 0x12
 183 0039 06       		.uleb128 0x6
 184 003a 40       		.uleb128 0x40
 185 003b 18       		.uleb128 0x18
 186 003c 9642     		.uleb128 0x2116
 187 003e 19       		.uleb128 0x19
 188 003f 00       		.byte	0
 189 0040 00       		.byte	0
 190 0041 00       		.byte	0
 191              		.section	.debug_aranges,"",%progbits
 192 0000 1C000000 		.4byte	0x1c
 193 0004 0200     		.2byte	0x2
 194 0006 00000000 		.4byte	.Ldebug_info0
 195 000a 04       		.byte	0x4
 196 000b 00       		.byte	0
 197 000c 0000     		.2byte	0
 198 000e 0000     		.2byte	0
 199 0010 00000000 		.4byte	.LFB35
 200 0014 0A000000 		.4byte	.LFE35-.LFB35
 201 0018 00000000 		.4byte	0
 202 001c 00000000 		.4byte	0
 203              		.section	.debug_ranges,"",%progbits
ARM GAS  C:\Users\jsing\AppData\Local\Temp\cc1qO6M9.s 			page 5


 204              	.Ldebug_ranges0:
 205 0000 00000000 		.4byte	.LFB35
 206 0004 0A000000 		.4byte	.LFE35
 207 0008 00000000 		.4byte	0
 208 000c 00000000 		.4byte	0
 209              		.section	.debug_line,"",%progbits
 210              	.Ldebug_line0:
 211 0000 3A000000 		.section	.debug_str,"MS",%progbits,1
 211      02001F00 
 211      00000201 
 211      FB0E0D00 
 211      01010101 
 212              	.LASF6:
 213 0000 6C6F6E67 		.ascii	"long long int\000"
 213      206C6F6E 
 213      6720696E 
 213      7400
 214              	.LASF8:
 215 000e 756E7369 		.ascii	"unsigned int\000"
 215      676E6564 
 215      20696E74 
 215      00
 216              	.LASF15:
 217 001b 443A5C55 		.ascii	"D:\\Users\\jsing\\Documents\\PSoC Creator\\Lab1\\La"
 217      73657273 
 217      5C6A7369 
 217      6E675C44 
 217      6F63756D 
 218 0048 6220315C 		.ascii	"b 1\\Lab 1.cydsn\000"
 218      4C616220 
 218      312E6379 
 218      64736E00 
 219              	.LASF16:
 220 0058 6D61696E 		.ascii	"main\000"
 220      00
 221              	.LASF5:
 222 005d 6C6F6E67 		.ascii	"long unsigned int\000"
 222      20756E73 
 222      69676E65 
 222      6420696E 
 222      7400
 223              	.LASF7:
 224 006f 6C6F6E67 		.ascii	"long long unsigned int\000"
 224      206C6F6E 
 224      6720756E 
 224      7369676E 
 224      65642069 
 225              	.LASF13:
 226 0086 474E5520 		.ascii	"GNU C 4.8.4 20140526 (release) [ARM/embedded-4_8-br"
 226      4320342E 
 226      382E3420 
 226      32303134 
 226      30353236 
 227 00b9 616E6368 		.ascii	"anch revision 211358] -mcpu=cortex-m0 -mthumb -g -O"
 227      20726576 
 227      6973696F 
 227      6E203231 
ARM GAS  C:\Users\jsing\AppData\Local\Temp\cc1qO6M9.s 			page 6


 227      31333538 
 228 00ec 30202D66 		.ascii	"0 -ffunction-sections\000"
 228      66756E63 
 228      74696F6E 
 228      2D736563 
 228      74696F6E 
 229              	.LASF1:
 230 0102 756E7369 		.ascii	"unsigned char\000"
 230      676E6564 
 230      20636861 
 230      7200
 231              	.LASF11:
 232 0110 63686172 		.ascii	"char\000"
 232      00
 233              	.LASF4:
 234 0115 6C6F6E67 		.ascii	"long int\000"
 234      20696E74 
 234      00
 235              	.LASF2:
 236 011e 73686F72 		.ascii	"short int\000"
 236      7420696E 
 236      7400
 237              	.LASF10:
 238 0128 646F7562 		.ascii	"double\000"
 238      6C6500
 239              	.LASF3:
 240 012f 73686F72 		.ascii	"short unsigned int\000"
 240      7420756E 
 240      7369676E 
 240      65642069 
 240      6E7400
 241              	.LASF0:
 242 0142 7369676E 		.ascii	"signed char\000"
 242      65642063 
 242      68617200 
 243              	.LASF9:
 244 014e 666C6F61 		.ascii	"float\000"
 244      7400
 245              	.LASF14:
 246 0154 2E5C6D61 		.ascii	".\\main.c\000"
 246      696E2E63 
 246      00
 247              	.LASF12:
 248 015d 73697A65 		.ascii	"sizetype\000"
 248      74797065 
 248      00
 249              		.ident	"GCC: (GNU Tools for ARM Embedded Processors) 4.8.4 20140526 (release) [ARM/embedded-4_8-br
