ARM GAS  C:\Users\jsing\AppData\Local\Temp\cc7TpSwB.s 			page 1


   1              		.cpu cortex-m0
   2              		.fpu softvfp
   3              		.eabi_attribute 20, 1
   4              		.eabi_attribute 21, 1
   5              		.eabi_attribute 23, 3
   6              		.eabi_attribute 24, 1
   7              		.eabi_attribute 25, 1
   8              		.eabi_attribute 26, 1
   9              		.eabi_attribute 30, 6
  10              		.eabi_attribute 34, 0
  11              		.eabi_attribute 18, 4
  12              		.code	16
  13              		.file	"cyfitter_cfg.c"
  14              		.text
  15              	.Ltext0:
  16              		.cfi_sections	.debug_frame
  17              		.section	.text.CYMEMZERO,"ax",%progbits
  18              		.align	2
  19              		.code	16
  20              		.thumb_func
  21              		.type	CYMEMZERO, %function
  22              	CYMEMZERO:
  23              	.LFB2:
  24              		.file 1 ".\\Generated_Source\\PSoC4\\cyfitter_cfg.c"
   1:.\Generated_Source\PSoC4/cyfitter_cfg.c **** /*******************************************************************************
   2:.\Generated_Source\PSoC4/cyfitter_cfg.c **** * FILENAME: cyfitter_cfg.c
   3:.\Generated_Source\PSoC4/cyfitter_cfg.c **** * PSoC Creator  3.1 SP3
   4:.\Generated_Source\PSoC4/cyfitter_cfg.c **** *
   5:.\Generated_Source\PSoC4/cyfitter_cfg.c **** * Description:
   6:.\Generated_Source\PSoC4/cyfitter_cfg.c **** * This file is automatically generated by PSoC Creator with device 
   7:.\Generated_Source\PSoC4/cyfitter_cfg.c **** * initialization code.  Except for the user defined sections in
   8:.\Generated_Source\PSoC4/cyfitter_cfg.c **** * CyClockStartupError(), this file should not be modified.
   9:.\Generated_Source\PSoC4/cyfitter_cfg.c **** *
  10:.\Generated_Source\PSoC4/cyfitter_cfg.c **** ********************************************************************************
  11:.\Generated_Source\PSoC4/cyfitter_cfg.c **** * Copyright 2013, Cypress Semiconductor Corporation.  All rights reserved.
  12:.\Generated_Source\PSoC4/cyfitter_cfg.c **** * You may use this file only in accordance with the license, terms, conditions, 
  13:.\Generated_Source\PSoC4/cyfitter_cfg.c **** * disclaimers, and limitations in the end user license agreement accompanying 
  14:.\Generated_Source\PSoC4/cyfitter_cfg.c **** * the software package with which this file was provided.
  15:.\Generated_Source\PSoC4/cyfitter_cfg.c **** ********************************************************************************/
  16:.\Generated_Source\PSoC4/cyfitter_cfg.c **** 
  17:.\Generated_Source\PSoC4/cyfitter_cfg.c **** #include <string.h>
  18:.\Generated_Source\PSoC4/cyfitter_cfg.c **** #include <cytypes.h>
  19:.\Generated_Source\PSoC4/cyfitter_cfg.c **** #include <cydevice_trm.h>
  20:.\Generated_Source\PSoC4/cyfitter_cfg.c **** #include <cyfitter.h>
  21:.\Generated_Source\PSoC4/cyfitter_cfg.c **** #include <CyLib.h>
  22:.\Generated_Source\PSoC4/cyfitter_cfg.c **** #include <cyfitter_cfg.h>
  23:.\Generated_Source\PSoC4/cyfitter_cfg.c **** 
  24:.\Generated_Source\PSoC4/cyfitter_cfg.c **** 
  25:.\Generated_Source\PSoC4/cyfitter_cfg.c **** #if defined(__GNUC__) || defined(__ARMCC_VERSION)
  26:.\Generated_Source\PSoC4/cyfitter_cfg.c ****     #define CYPACKED 
  27:.\Generated_Source\PSoC4/cyfitter_cfg.c ****     #define CYPACKED_ATTR __attribute__ ((packed))
  28:.\Generated_Source\PSoC4/cyfitter_cfg.c ****     #define CYALIGNED __attribute__ ((aligned))
  29:.\Generated_Source\PSoC4/cyfitter_cfg.c ****     #define CY_CFG_UNUSED __attribute__ ((unused))
  30:.\Generated_Source\PSoC4/cyfitter_cfg.c ****     #define CY_CFG_SECTION __attribute__ ((section(".psocinit")))
  31:.\Generated_Source\PSoC4/cyfitter_cfg.c ****     
  32:.\Generated_Source\PSoC4/cyfitter_cfg.c ****     #if defined(__ARMCC_VERSION)
  33:.\Generated_Source\PSoC4/cyfitter_cfg.c ****         #define CY_CFG_MEMORY_BARRIER() __memory_changed()
ARM GAS  C:\Users\jsing\AppData\Local\Temp\cc7TpSwB.s 			page 2


  34:.\Generated_Source\PSoC4/cyfitter_cfg.c ****     #else
  35:.\Generated_Source\PSoC4/cyfitter_cfg.c ****         #define CY_CFG_MEMORY_BARRIER() __sync_synchronize()
  36:.\Generated_Source\PSoC4/cyfitter_cfg.c ****     #endif
  37:.\Generated_Source\PSoC4/cyfitter_cfg.c ****     
  38:.\Generated_Source\PSoC4/cyfitter_cfg.c **** #elif defined(__ICCARM__)
  39:.\Generated_Source\PSoC4/cyfitter_cfg.c ****     #include <intrinsics.h>
  40:.\Generated_Source\PSoC4/cyfitter_cfg.c **** 
  41:.\Generated_Source\PSoC4/cyfitter_cfg.c ****     #define CYPACKED __packed
  42:.\Generated_Source\PSoC4/cyfitter_cfg.c ****     #define CYPACKED_ATTR 
  43:.\Generated_Source\PSoC4/cyfitter_cfg.c ****     #define CYALIGNED _Pragma("data_alignment=4")
  44:.\Generated_Source\PSoC4/cyfitter_cfg.c ****     #define CY_CFG_UNUSED _Pragma("diag_suppress=Pe177")
  45:.\Generated_Source\PSoC4/cyfitter_cfg.c ****     #define CY_CFG_SECTION _Pragma("location=\".psocinit\"")
  46:.\Generated_Source\PSoC4/cyfitter_cfg.c ****     
  47:.\Generated_Source\PSoC4/cyfitter_cfg.c ****     #define CY_CFG_MEMORY_BARRIER() __DMB()
  48:.\Generated_Source\PSoC4/cyfitter_cfg.c ****     
  49:.\Generated_Source\PSoC4/cyfitter_cfg.c **** #else
  50:.\Generated_Source\PSoC4/cyfitter_cfg.c ****     #error Unsupported toolchain
  51:.\Generated_Source\PSoC4/cyfitter_cfg.c **** #endif
  52:.\Generated_Source\PSoC4/cyfitter_cfg.c **** 
  53:.\Generated_Source\PSoC4/cyfitter_cfg.c **** 
  54:.\Generated_Source\PSoC4/cyfitter_cfg.c **** CY_CFG_UNUSED
  55:.\Generated_Source\PSoC4/cyfitter_cfg.c **** static void CYMEMZERO(void *s, size_t n);
  56:.\Generated_Source\PSoC4/cyfitter_cfg.c **** CY_CFG_UNUSED
  57:.\Generated_Source\PSoC4/cyfitter_cfg.c **** static void CYMEMZERO(void *s, size_t n)
  58:.\Generated_Source\PSoC4/cyfitter_cfg.c **** {
  25              		.loc 1 58 0
  26              		.cfi_startproc
  27 0000 80B5     		push	{r7, lr}
  28              		.cfi_def_cfa_offset 8
  29              		.cfi_offset 7, -8
  30              		.cfi_offset 14, -4
  31 0002 82B0     		sub	sp, sp, #8
  32              		.cfi_def_cfa_offset 16
  33 0004 00AF     		add	r7, sp, #0
  34              		.cfi_def_cfa_register 7
  35 0006 7860     		str	r0, [r7, #4]
  36 0008 3960     		str	r1, [r7]
  59:.\Generated_Source\PSoC4/cyfitter_cfg.c **** 	(void)memset(s, 0, n);
  37              		.loc 1 59 0
  38 000a 7A68     		ldr	r2, [r7, #4]
  39 000c 3B68     		ldr	r3, [r7]
  40 000e 101C     		mov	r0, r2
  41 0010 0021     		mov	r1, #0
  42 0012 1A1C     		mov	r2, r3
  43 0014 FFF7FEFF 		bl	memset
  60:.\Generated_Source\PSoC4/cyfitter_cfg.c **** }
  44              		.loc 1 60 0
  45 0018 BD46     		mov	sp, r7
  46 001a 02B0     		add	sp, sp, #8
  47              		@ sp needed
  48 001c 80BD     		pop	{r7, pc}
  49              		.cfi_endproc
  50              	.LFE2:
  51              		.size	CYMEMZERO, .-CYMEMZERO
  52 001e C046     		.section	.text.CYCONFIGCPY,"ax",%progbits
  53              		.align	2
  54              		.code	16
ARM GAS  C:\Users\jsing\AppData\Local\Temp\cc7TpSwB.s 			page 3


  55              		.thumb_func
  56              		.type	CYCONFIGCPY, %function
  57              	CYCONFIGCPY:
  58              	.LFB3:
  61:.\Generated_Source\PSoC4/cyfitter_cfg.c **** CY_CFG_UNUSED
  62:.\Generated_Source\PSoC4/cyfitter_cfg.c **** static void CYCONFIGCPY(void *dest, const void *src, size_t n);
  63:.\Generated_Source\PSoC4/cyfitter_cfg.c **** CY_CFG_UNUSED
  64:.\Generated_Source\PSoC4/cyfitter_cfg.c **** static void CYCONFIGCPY(void *dest, const void *src, size_t n)
  65:.\Generated_Source\PSoC4/cyfitter_cfg.c **** {
  59              		.loc 1 65 0
  60              		.cfi_startproc
  61 0000 80B5     		push	{r7, lr}
  62              		.cfi_def_cfa_offset 8
  63              		.cfi_offset 7, -8
  64              		.cfi_offset 14, -4
  65 0002 84B0     		sub	sp, sp, #16
  66              		.cfi_def_cfa_offset 24
  67 0004 00AF     		add	r7, sp, #0
  68              		.cfi_def_cfa_register 7
  69 0006 F860     		str	r0, [r7, #12]
  70 0008 B960     		str	r1, [r7, #8]
  71 000a 7A60     		str	r2, [r7, #4]
  66:.\Generated_Source\PSoC4/cyfitter_cfg.c **** 	(void)memcpy(dest, src, n);
  72              		.loc 1 66 0
  73 000c F968     		ldr	r1, [r7, #12]
  74 000e BA68     		ldr	r2, [r7, #8]
  75 0010 7B68     		ldr	r3, [r7, #4]
  76 0012 081C     		mov	r0, r1
  77 0014 111C     		mov	r1, r2
  78 0016 1A1C     		mov	r2, r3
  79 0018 FFF7FEFF 		bl	memcpy
  67:.\Generated_Source\PSoC4/cyfitter_cfg.c **** }
  80              		.loc 1 67 0
  81 001c BD46     		mov	sp, r7
  82 001e 04B0     		add	sp, sp, #16
  83              		@ sp needed
  84 0020 80BD     		pop	{r7, pc}
  85              		.cfi_endproc
  86              	.LFE3:
  87              		.size	CYCONFIGCPY, .-CYCONFIGCPY
  88 0022 C046     		.section	.text.CYCONFIGCPYCODE,"ax",%progbits
  89              		.align	2
  90              		.code	16
  91              		.thumb_func
  92              		.type	CYCONFIGCPYCODE, %function
  93              	CYCONFIGCPYCODE:
  94              	.LFB4:
  68:.\Generated_Source\PSoC4/cyfitter_cfg.c **** CY_CFG_UNUSED
  69:.\Generated_Source\PSoC4/cyfitter_cfg.c **** static void CYCONFIGCPYCODE(void *dest, const void *src, size_t n);
  70:.\Generated_Source\PSoC4/cyfitter_cfg.c **** CY_CFG_UNUSED
  71:.\Generated_Source\PSoC4/cyfitter_cfg.c **** static void CYCONFIGCPYCODE(void *dest, const void *src, size_t n)
  72:.\Generated_Source\PSoC4/cyfitter_cfg.c **** {
  95              		.loc 1 72 0
  96              		.cfi_startproc
  97 0000 80B5     		push	{r7, lr}
  98              		.cfi_def_cfa_offset 8
  99              		.cfi_offset 7, -8
ARM GAS  C:\Users\jsing\AppData\Local\Temp\cc7TpSwB.s 			page 4


 100              		.cfi_offset 14, -4
 101 0002 84B0     		sub	sp, sp, #16
 102              		.cfi_def_cfa_offset 24
 103 0004 00AF     		add	r7, sp, #0
 104              		.cfi_def_cfa_register 7
 105 0006 F860     		str	r0, [r7, #12]
 106 0008 B960     		str	r1, [r7, #8]
 107 000a 7A60     		str	r2, [r7, #4]
  73:.\Generated_Source\PSoC4/cyfitter_cfg.c **** 	(void)memcpy(dest, src, n);
 108              		.loc 1 73 0
 109 000c F968     		ldr	r1, [r7, #12]
 110 000e BA68     		ldr	r2, [r7, #8]
 111 0010 7B68     		ldr	r3, [r7, #4]
 112 0012 081C     		mov	r0, r1
 113 0014 111C     		mov	r1, r2
 114 0016 1A1C     		mov	r2, r3
 115 0018 FFF7FEFF 		bl	memcpy
  74:.\Generated_Source\PSoC4/cyfitter_cfg.c **** }
 116              		.loc 1 74 0
 117 001c BD46     		mov	sp, r7
 118 001e 04B0     		add	sp, sp, #16
 119              		@ sp needed
 120 0020 80BD     		pop	{r7, pc}
 121              		.cfi_endproc
 122              	.LFE4:
 123              		.size	CYCONFIGCPYCODE, .-CYCONFIGCPYCODE
 124 0022 C046     		.section	.psocinit,"ax",%progbits
 125              		.align	2
 126              		.code	16
 127              		.thumb_func
 128              		.type	SetIMOBGTrims, %function
 129              	SetIMOBGTrims:
 130              	.LFB5:
  75:.\Generated_Source\PSoC4/cyfitter_cfg.c **** 
  76:.\Generated_Source\PSoC4/cyfitter_cfg.c **** 
  77:.\Generated_Source\PSoC4/cyfitter_cfg.c **** 
  78:.\Generated_Source\PSoC4/cyfitter_cfg.c **** /* Clock startup error codes                                                   */
  79:.\Generated_Source\PSoC4/cyfitter_cfg.c **** #define CYCLOCKSTART_NO_ERROR    0u
  80:.\Generated_Source\PSoC4/cyfitter_cfg.c **** #define CYCLOCKSTART_XTAL_ERROR  1u
  81:.\Generated_Source\PSoC4/cyfitter_cfg.c **** #define CYCLOCKSTART_32KHZ_ERROR 2u
  82:.\Generated_Source\PSoC4/cyfitter_cfg.c **** #define CYCLOCKSTART_PLL_ERROR   3u
  83:.\Generated_Source\PSoC4/cyfitter_cfg.c **** 
  84:.\Generated_Source\PSoC4/cyfitter_cfg.c **** #ifdef CY_NEED_CYCLOCKSTARTUPERROR
  85:.\Generated_Source\PSoC4/cyfitter_cfg.c **** /*******************************************************************************
  86:.\Generated_Source\PSoC4/cyfitter_cfg.c **** * Function Name: CyClockStartupError
  87:.\Generated_Source\PSoC4/cyfitter_cfg.c **** ********************************************************************************
  88:.\Generated_Source\PSoC4/cyfitter_cfg.c **** * Summary:
  89:.\Generated_Source\PSoC4/cyfitter_cfg.c **** *  If an error is encountered during clock configuration (crystal startup error,
  90:.\Generated_Source\PSoC4/cyfitter_cfg.c **** *  PLL lock error, etc.), the system will end up here.  Unless reimplemented by
  91:.\Generated_Source\PSoC4/cyfitter_cfg.c **** *  the customer, this function will stop in an infinite loop.
  92:.\Generated_Source\PSoC4/cyfitter_cfg.c **** *
  93:.\Generated_Source\PSoC4/cyfitter_cfg.c **** * Parameters:
  94:.\Generated_Source\PSoC4/cyfitter_cfg.c **** *   void
  95:.\Generated_Source\PSoC4/cyfitter_cfg.c **** *
  96:.\Generated_Source\PSoC4/cyfitter_cfg.c **** * Return:
  97:.\Generated_Source\PSoC4/cyfitter_cfg.c **** *   void
  98:.\Generated_Source\PSoC4/cyfitter_cfg.c **** *
ARM GAS  C:\Users\jsing\AppData\Local\Temp\cc7TpSwB.s 			page 5


  99:.\Generated_Source\PSoC4/cyfitter_cfg.c **** *******************************************************************************/
 100:.\Generated_Source\PSoC4/cyfitter_cfg.c **** CY_CFG_UNUSED
 101:.\Generated_Source\PSoC4/cyfitter_cfg.c **** static void CyClockStartupError(uint8 errorCode);
 102:.\Generated_Source\PSoC4/cyfitter_cfg.c **** CY_CFG_UNUSED
 103:.\Generated_Source\PSoC4/cyfitter_cfg.c **** static void CyClockStartupError(uint8 errorCode)
 104:.\Generated_Source\PSoC4/cyfitter_cfg.c **** {
 105:.\Generated_Source\PSoC4/cyfitter_cfg.c ****     /* To remove the compiler warning if errorCode not used.                */
 106:.\Generated_Source\PSoC4/cyfitter_cfg.c ****     errorCode = errorCode;
 107:.\Generated_Source\PSoC4/cyfitter_cfg.c **** 
 108:.\Generated_Source\PSoC4/cyfitter_cfg.c ****     /* `#START CyClockStartupError` */
 109:.\Generated_Source\PSoC4/cyfitter_cfg.c **** 
 110:.\Generated_Source\PSoC4/cyfitter_cfg.c ****     /* If we have a clock startup error (bad MHz crystal, PLL lock, etc.),  */
 111:.\Generated_Source\PSoC4/cyfitter_cfg.c ****     /* we will end up here to allow the customer to implement something to  */
 112:.\Generated_Source\PSoC4/cyfitter_cfg.c ****     /* deal with the clock condition.                                       */
 113:.\Generated_Source\PSoC4/cyfitter_cfg.c **** 
 114:.\Generated_Source\PSoC4/cyfitter_cfg.c ****     /* `#END` */
 115:.\Generated_Source\PSoC4/cyfitter_cfg.c **** 
 116:.\Generated_Source\PSoC4/cyfitter_cfg.c ****     /* If nothing else, stop here since the clocks have not started         */
 117:.\Generated_Source\PSoC4/cyfitter_cfg.c ****     /* correctly.                                                           */
 118:.\Generated_Source\PSoC4/cyfitter_cfg.c ****     while(1) {}
 119:.\Generated_Source\PSoC4/cyfitter_cfg.c **** }
 120:.\Generated_Source\PSoC4/cyfitter_cfg.c **** #endif
 121:.\Generated_Source\PSoC4/cyfitter_cfg.c **** 
 122:.\Generated_Source\PSoC4/cyfitter_cfg.c **** 
 123:.\Generated_Source\PSoC4/cyfitter_cfg.c **** /*******************************************************************************
 124:.\Generated_Source\PSoC4/cyfitter_cfg.c **** * Function Name: SetIMOBGTrims
 125:.\Generated_Source\PSoC4/cyfitter_cfg.c **** ********************************************************************************
 126:.\Generated_Source\PSoC4/cyfitter_cfg.c **** *
 127:.\Generated_Source\PSoC4/cyfitter_cfg.c **** * Summary:
 128:.\Generated_Source\PSoC4/cyfitter_cfg.c **** *   Performs the configuration of the bandgap trim for the IMO based on the given
 129:.\Generated_Source\PSoC4/cyfitter_cfg.c **** *   expected frequency of the IMO. 
 130:.\Generated_Source\PSoC4/cyfitter_cfg.c **** *
 131:.\Generated_Source\PSoC4/cyfitter_cfg.c **** * Parameters:
 132:.\Generated_Source\PSoC4/cyfitter_cfg.c **** *   imoFreq: Frequency for operation of the IMO.
 133:.\Generated_Source\PSoC4/cyfitter_cfg.c **** *
 134:.\Generated_Source\PSoC4/cyfitter_cfg.c **** * Return:
 135:.\Generated_Source\PSoC4/cyfitter_cfg.c **** *   void
 136:.\Generated_Source\PSoC4/cyfitter_cfg.c **** *
 137:.\Generated_Source\PSoC4/cyfitter_cfg.c **** *******************************************************************************/
 138:.\Generated_Source\PSoC4/cyfitter_cfg.c **** static void SetIMOBGTrims(uint8 imoFreq);
 139:.\Generated_Source\PSoC4/cyfitter_cfg.c **** CY_CFG_SECTION
 140:.\Generated_Source\PSoC4/cyfitter_cfg.c **** static void SetIMOBGTrims(uint8 imoFreq)
 141:.\Generated_Source\PSoC4/cyfitter_cfg.c **** {
 131              		.loc 1 141 0
 132              		.cfi_startproc
 133 0000 80B5     		push	{r7, lr}
 134              		.cfi_def_cfa_offset 8
 135              		.cfi_offset 7, -8
 136              		.cfi_offset 14, -4
 137 0002 84B0     		sub	sp, sp, #16
 138              		.cfi_def_cfa_offset 24
 139 0004 00AF     		add	r7, sp, #0
 140              		.cfi_def_cfa_register 7
 141 0006 021C     		mov	r2, r0
 142 0008 FB1D     		add	r3, r7, #7
 143 000a 1A70     		strb	r2, [r3]
 142:.\Generated_Source\PSoC4/cyfitter_cfg.c **** 	CYPACKED typedef struct {
ARM GAS  C:\Users\jsing\AppData\Local\Temp\cc7TpSwB.s 			page 6


 143:.\Generated_Source\PSoC4/cyfitter_cfg.c **** 		uint8 freq;
 144:.\Generated_Source\PSoC4/cyfitter_cfg.c **** 		uint8 absolute;
 145:.\Generated_Source\PSoC4/cyfitter_cfg.c **** 		uint8 tmpco;
 146:.\Generated_Source\PSoC4/cyfitter_cfg.c **** 	} CYPACKED_ATTR imo_trim_entry_t;
 147:.\Generated_Source\PSoC4/cyfitter_cfg.c **** 
 148:.\Generated_Source\PSoC4/cyfitter_cfg.c **** 	CYPACKED typedef struct {
 149:.\Generated_Source\PSoC4/cyfitter_cfg.c **** 		imo_trim_entry_t entries[4];
 150:.\Generated_Source\PSoC4/cyfitter_cfg.c **** 	} CYPACKED_ATTR imo_trim_table_t;
 151:.\Generated_Source\PSoC4/cyfitter_cfg.c **** 
 152:.\Generated_Source\PSoC4/cyfitter_cfg.c **** 	static const imo_trim_table_t *imo_trim_table = (const imo_trim_table_t *)CYREG_SFLASH_IMO_MAXF0;
 153:.\Generated_Source\PSoC4/cyfitter_cfg.c **** 	static const uint32 IMO_TRIM_FREQ_TABLE_ENTRIES = sizeof(imo_trim_table->entries)/sizeof(imo_trim_
 154:.\Generated_Source\PSoC4/cyfitter_cfg.c **** 
 155:.\Generated_Source\PSoC4/cyfitter_cfg.c **** 	int32 imoTrimIndex;
 156:.\Generated_Source\PSoC4/cyfitter_cfg.c **** 	uint8 setAbs;
 157:.\Generated_Source\PSoC4/cyfitter_cfg.c **** 	uint8 setTmpCo;
 158:.\Generated_Source\PSoC4/cyfitter_cfg.c **** 
 159:.\Generated_Source\PSoC4/cyfitter_cfg.c **** 	/* Traverse the SFLASH IMO frequency-dependent bandgap trim table to
 160:.\Generated_Source\PSoC4/cyfitter_cfg.c **** 	 * locate the appropriate value to trim the IMO bandgap based on freq. */
 161:.\Generated_Source\PSoC4/cyfitter_cfg.c **** 	setAbs = CY_GET_REG8((const void *)CYREG_SFLASH_IMO_ABS4);
 144              		.loc 1 161 0
 145 000c 204A     		ldr	r2, .L8
 146 000e 3B1C     		mov	r3, r7
 147 0010 0B33     		add	r3, r3, #11
 148 0012 1278     		ldrb	r2, [r2]
 149 0014 1A70     		strb	r2, [r3]
 162:.\Generated_Source\PSoC4/cyfitter_cfg.c **** 	setTmpCo = CY_GET_REG8((const void *)CYREG_SFLASH_IMO_TMPCO4);
 150              		.loc 1 162 0
 151 0016 1F4A     		ldr	r2, .L8+4
 152 0018 3B1C     		mov	r3, r7
 153 001a 0A33     		add	r3, r3, #10
 154 001c 1278     		ldrb	r2, [r2]
 155 001e 1A70     		strb	r2, [r3]
 163:.\Generated_Source\PSoC4/cyfitter_cfg.c **** 	for (imoTrimIndex = ((int32)IMO_TRIM_FREQ_TABLE_ENTRIES)-1;
 156              		.loc 1 163 0
 157 0020 0423     		mov	r3, #4
 158 0022 013B     		sub	r3, r3, #1
 159 0024 FB60     		str	r3, [r7, #12]
 160 0026 18E0     		b	.L5
 161              	.L7:
 164:.\Generated_Source\PSoC4/cyfitter_cfg.c **** 	     (imoTrimIndex >= 0) && (imoFreq <= imo_trim_table->entries[imoTrimIndex].freq);
 165:.\Generated_Source\PSoC4/cyfitter_cfg.c **** 	     imoTrimIndex--)
 166:.\Generated_Source\PSoC4/cyfitter_cfg.c **** 	{
 167:.\Generated_Source\PSoC4/cyfitter_cfg.c **** 		setAbs = imo_trim_table->entries[imoTrimIndex].absolute;
 162              		.loc 1 167 0
 163 0028 1B4B     		ldr	r3, .L8+8
 164 002a 1868     		ldr	r0, [r3]
 165 002c 391C     		mov	r1, r7
 166 002e 0B31     		add	r1, r1, #11
 167 0030 FA68     		ldr	r2, [r7, #12]
 168 0032 131C     		mov	r3, r2
 169 0034 5B00     		lsl	r3, r3, #1
 170 0036 9B18     		add	r3, r3, r2
 171 0038 C318     		add	r3, r0, r3
 172 003a 5B78     		ldrb	r3, [r3, #1]
 173 003c 0B70     		strb	r3, [r1]
 168:.\Generated_Source\PSoC4/cyfitter_cfg.c **** 		setTmpCo = imo_trim_table->entries[imoTrimIndex].tmpco;
 174              		.loc 1 168 0
ARM GAS  C:\Users\jsing\AppData\Local\Temp\cc7TpSwB.s 			page 7


 175 003e 164B     		ldr	r3, .L8+8
 176 0040 1868     		ldr	r0, [r3]
 177 0042 391C     		mov	r1, r7
 178 0044 0A31     		add	r1, r1, #10
 179 0046 FA68     		ldr	r2, [r7, #12]
 180 0048 131C     		mov	r3, r2
 181 004a 5B00     		lsl	r3, r3, #1
 182 004c 9B18     		add	r3, r3, r2
 183 004e C318     		add	r3, r0, r3
 184 0050 9B78     		ldrb	r3, [r3, #2]
 185 0052 0B70     		strb	r3, [r1]
 165:.\Generated_Source\PSoC4/cyfitter_cfg.c **** 	     imoTrimIndex--)
 186              		.loc 1 165 0
 187 0054 FB68     		ldr	r3, [r7, #12]
 188 0056 013B     		sub	r3, r3, #1
 189 0058 FB60     		str	r3, [r7, #12]
 190              	.L5:
 163:.\Generated_Source\PSoC4/cyfitter_cfg.c **** 	for (imoTrimIndex = ((int32)IMO_TRIM_FREQ_TABLE_ENTRIES)-1;
 191              		.loc 1 163 0 discriminator 1
 192 005a FB68     		ldr	r3, [r7, #12]
 193 005c 002B     		cmp	r3, #0
 194 005e 0ADB     		blt	.L6
 164:.\Generated_Source\PSoC4/cyfitter_cfg.c **** 	     (imoTrimIndex >= 0) && (imoFreq <= imo_trim_table->entries[imoTrimIndex].freq);
 195              		.loc 1 164 0
 196 0060 0D4B     		ldr	r3, .L8+8
 197 0062 1968     		ldr	r1, [r3]
 198 0064 FA68     		ldr	r2, [r7, #12]
 199 0066 131C     		mov	r3, r2
 200 0068 5B00     		lsl	r3, r3, #1
 201 006a 9B18     		add	r3, r3, r2
 202 006c 5B5C     		ldrb	r3, [r3, r1]
 203 006e FA1D     		add	r2, r7, #7
 204 0070 1278     		ldrb	r2, [r2]
 205 0072 9A42     		cmp	r2, r3
 206 0074 D8D9     		bls	.L7
 207              	.L6:
 169:.\Generated_Source\PSoC4/cyfitter_cfg.c **** 	}
 170:.\Generated_Source\PSoC4/cyfitter_cfg.c **** 
 171:.\Generated_Source\PSoC4/cyfitter_cfg.c **** 	CY_SET_REG32((void *)CYREG_PWR_BG_TRIM4, setAbs);
 208              		.loc 1 171 0
 209 0076 094B     		ldr	r3, .L8+12
 210 0078 3A1C     		mov	r2, r7
 211 007a 0B32     		add	r2, r2, #11
 212 007c 1278     		ldrb	r2, [r2]
 213 007e 1A60     		str	r2, [r3]
 172:.\Generated_Source\PSoC4/cyfitter_cfg.c **** 	CY_SET_REG32((void *)CYREG_PWR_BG_TRIM5, setTmpCo);
 214              		.loc 1 172 0
 215 0080 074B     		ldr	r3, .L8+16
 216 0082 3A1C     		mov	r2, r7
 217 0084 0A32     		add	r2, r2, #10
 218 0086 1278     		ldrb	r2, [r2]
 219 0088 1A60     		str	r2, [r3]
 173:.\Generated_Source\PSoC4/cyfitter_cfg.c **** }
 220              		.loc 1 173 0
 221 008a BD46     		mov	sp, r7
 222 008c 04B0     		add	sp, sp, #16
 223              		@ sp needed
ARM GAS  C:\Users\jsing\AppData\Local\Temp\cc7TpSwB.s 			page 8


 224 008e 80BD     		pop	{r7, pc}
 225              	.L9:
 226              		.align	2
 227              	.L8:
 228 0090 CCF1FF0F 		.word	268431820
 229 0094 CDF1FF0F 		.word	268431821
 230 0098 00000000 		.word	imo_trim_table.4717
 231 009c 1CFF0B40 		.word	1074528028
 232 00a0 20FF0B40 		.word	1074528032
 233              		.cfi_endproc
 234              	.LFE5:
 235              		.size	SetIMOBGTrims, .-SetIMOBGTrims
 236              		.align	2
 237              		.code	16
 238              		.thumb_func
 239              		.type	ClockSetup, %function
 240              	ClockSetup:
 241              	.LFB6:
 174:.\Generated_Source\PSoC4/cyfitter_cfg.c **** 
 175:.\Generated_Source\PSoC4/cyfitter_cfg.c **** 
 176:.\Generated_Source\PSoC4/cyfitter_cfg.c **** 
 177:.\Generated_Source\PSoC4/cyfitter_cfg.c **** /*******************************************************************************
 178:.\Generated_Source\PSoC4/cyfitter_cfg.c **** * Function Name: ClockSetup
 179:.\Generated_Source\PSoC4/cyfitter_cfg.c **** ********************************************************************************
 180:.\Generated_Source\PSoC4/cyfitter_cfg.c **** *
 181:.\Generated_Source\PSoC4/cyfitter_cfg.c **** * Summary:
 182:.\Generated_Source\PSoC4/cyfitter_cfg.c **** *   Performs the initialization of all of the clocks in the device based on the
 183:.\Generated_Source\PSoC4/cyfitter_cfg.c **** *   settings in the Clock tab of the DWR.  This includes enabling the requested
 184:.\Generated_Source\PSoC4/cyfitter_cfg.c **** *   clocks and setting the necessary dividers to produce the desired frequency. 
 185:.\Generated_Source\PSoC4/cyfitter_cfg.c **** *
 186:.\Generated_Source\PSoC4/cyfitter_cfg.c **** * Parameters:
 187:.\Generated_Source\PSoC4/cyfitter_cfg.c **** *   void
 188:.\Generated_Source\PSoC4/cyfitter_cfg.c **** *
 189:.\Generated_Source\PSoC4/cyfitter_cfg.c **** * Return:
 190:.\Generated_Source\PSoC4/cyfitter_cfg.c **** *   void
 191:.\Generated_Source\PSoC4/cyfitter_cfg.c **** *
 192:.\Generated_Source\PSoC4/cyfitter_cfg.c **** *******************************************************************************/
 193:.\Generated_Source\PSoC4/cyfitter_cfg.c **** static void ClockSetup(void);
 194:.\Generated_Source\PSoC4/cyfitter_cfg.c **** CY_CFG_SECTION
 195:.\Generated_Source\PSoC4/cyfitter_cfg.c **** static void ClockSetup(void)
 196:.\Generated_Source\PSoC4/cyfitter_cfg.c **** {
 242              		.loc 1 196 0
 243              		.cfi_startproc
 244 00a4 80B5     		push	{r7, lr}
 245              		.cfi_def_cfa_offset 8
 246              		.cfi_offset 7, -8
 247              		.cfi_offset 14, -4
 248 00a6 00AF     		add	r7, sp, #0
 249              		.cfi_def_cfa_register 7
 197:.\Generated_Source\PSoC4/cyfitter_cfg.c **** 
 198:.\Generated_Source\PSoC4/cyfitter_cfg.c **** 	/* Set Flash Cycles based on max possible frequency in case a glitch occurs during ClockSetup(). *
 199:.\Generated_Source\PSoC4/cyfitter_cfg.c **** 	CY_SET_REG32((void CYXDATA *)(CYREG_CPUSS_FLASH_CTL), (0x0012u));
 250              		.loc 1 199 0
 251 00a8 1E4B     		ldr	r3, .L11
 252 00aa 1222     		mov	r2, #18
 253 00ac 1A60     		str	r2, [r3]
 200:.\Generated_Source\PSoC4/cyfitter_cfg.c **** 	/* Trim IMO BG based on desired frequency. */
ARM GAS  C:\Users\jsing\AppData\Local\Temp\cc7TpSwB.s 			page 9


 201:.\Generated_Source\PSoC4/cyfitter_cfg.c **** 	SetIMOBGTrims(48u);
 254              		.loc 1 201 0
 255 00ae 3020     		mov	r0, #48
 256 00b0 FFF7A6FF 		bl	SetIMOBGTrims
 202:.\Generated_Source\PSoC4/cyfitter_cfg.c **** 
 203:.\Generated_Source\PSoC4/cyfitter_cfg.c **** 	/* Going faster than 24MHz, so update trim value then adjust to new clock speed. */
 204:.\Generated_Source\PSoC4/cyfitter_cfg.c **** 	CY_SET_REG32((void CYXDATA *)(CYREG_CLK_IMO_TRIM1), (CY_GET_REG8((void *)CYREG_SFLASH_IMO_TRIM45))
 257              		.loc 1 204 0
 258 00b4 1C4B     		ldr	r3, .L11+4
 259 00b6 1D4A     		ldr	r2, .L11+8
 260 00b8 1278     		ldrb	r2, [r2]
 261 00ba D2B2     		uxtb	r2, r2
 262 00bc 1A60     		str	r2, [r3]
 205:.\Generated_Source\PSoC4/cyfitter_cfg.c **** 	CyDelayUs(5u);
 263              		.loc 1 205 0
 264 00be 0520     		mov	r0, #5
 265 00c0 FFF7FEFF 		bl	CyDelayUs
 206:.\Generated_Source\PSoC4/cyfitter_cfg.c **** 	CY_SET_REG32((void CYXDATA *)(CYREG_CLK_IMO_TRIM2), (53u));
 266              		.loc 1 206 0
 267 00c4 1A4B     		ldr	r3, .L11+12
 268 00c6 3522     		mov	r2, #53
 269 00c8 1A60     		str	r2, [r3]
 207:.\Generated_Source\PSoC4/cyfitter_cfg.c **** 
 208:.\Generated_Source\PSoC4/cyfitter_cfg.c **** 	/* Start the WCO */
 209:.\Generated_Source\PSoC4/cyfitter_cfg.c **** 	CySysClkWcoStart();
 270              		.loc 1 209 0
 271 00ca FFF7FEFF 		bl	CySysClkWcoStart
 210:.\Generated_Source\PSoC4/cyfitter_cfg.c **** 	CyDelay(500u); /* WCO may take up to 500ms to start */
 272              		.loc 1 210 0
 273 00ce FA23     		mov	r3, #250
 274 00d0 5B00     		lsl	r3, r3, #1
 275 00d2 181C     		mov	r0, r3
 276 00d4 FFF7FEFF 		bl	CyDelay
 211:.\Generated_Source\PSoC4/cyfitter_cfg.c **** 	(void)CySysClkWcoSetPowerMode(CY_SYS_CLK_WCO_LPM);    /* Switch to the low power mode */
 277              		.loc 1 211 0
 278 00d8 0120     		mov	r0, #1
 279 00da FFF7FEFF 		bl	CySysClkWcoSetPowerMode
 212:.\Generated_Source\PSoC4/cyfitter_cfg.c **** 	/* CYDEV_CLK_ILO_CONFIG Starting address: CYDEV_CLK_ILO_CONFIG */
 213:.\Generated_Source\PSoC4/cyfitter_cfg.c **** 	CY_SET_XTND_REG32((void CYFAR *)(CYREG_CLK_ILO_CONFIG), 0x80000006u);
 280              		.loc 1 213 0
 281 00de 154B     		ldr	r3, .L11+16
 282 00e0 154A     		ldr	r2, .L11+20
 283 00e2 1A60     		str	r2, [r3]
 214:.\Generated_Source\PSoC4/cyfitter_cfg.c **** 
 215:.\Generated_Source\PSoC4/cyfitter_cfg.c **** 	/* CYDEV_WDT_CONFIG Starting address: CYDEV_WDT_CONFIG */
 216:.\Generated_Source\PSoC4/cyfitter_cfg.c **** 	CY_SET_XTND_REG32((void CYFAR *)(CYREG_WDT_CONFIG), 0x40000000u);
 284              		.loc 1 216 0
 285 00e4 154B     		ldr	r3, .L11+24
 286 00e6 8022     		mov	r2, #128
 287 00e8 D205     		lsl	r2, r2, #23
 288 00ea 1A60     		str	r2, [r3]
 217:.\Generated_Source\PSoC4/cyfitter_cfg.c **** 
 218:.\Generated_Source\PSoC4/cyfitter_cfg.c **** 
 219:.\Generated_Source\PSoC4/cyfitter_cfg.c **** 	CY_SET_XTND_REG32((void CYFAR *)(CYREG_BLE_BLERD_BB_XO_CAPTRIM), 0x00003E2Du);
 289              		.loc 1 219 0
 290 00ec 144B     		ldr	r3, .L11+28
 291 00ee 154A     		ldr	r2, .L11+32
ARM GAS  C:\Users\jsing\AppData\Local\Temp\cc7TpSwB.s 			page 10


 292 00f0 1A60     		str	r2, [r3]
 220:.\Generated_Source\PSoC4/cyfitter_cfg.c **** 	/* Disable Crystal Stable Interrupt before enabling ECO */
 221:.\Generated_Source\PSoC4/cyfitter_cfg.c **** 	CY_SET_REG32((void*)CYREG_BLE_BLESS_LL_DSM_CTRL, CY_GET_REG32((void*)CYREG_BLE_BLESS_LL_DSM_CTRL) 
 293              		.loc 1 221 0
 294 00f2 154B     		ldr	r3, .L11+36
 295 00f4 144A     		ldr	r2, .L11+36
 296 00f6 1268     		ldr	r2, [r2]
 297 00f8 0821     		mov	r1, #8
 298 00fa 8A43     		bic	r2, r1
 299 00fc 1A60     		str	r2, [r3]
 222:.\Generated_Source\PSoC4/cyfitter_cfg.c **** 	/* Start the ECO and do not check status since it is not needed for HFCLK */
 223:.\Generated_Source\PSoC4/cyfitter_cfg.c **** 	(void)CySysClkEcoStart(2000u);
 300              		.loc 1 223 0
 301 00fe FA23     		mov	r3, #250
 302 0100 DB00     		lsl	r3, r3, #3
 303 0102 181C     		mov	r0, r3
 304 0104 FFF7FEFF 		bl	CySysClkEcoStart
 224:.\Generated_Source\PSoC4/cyfitter_cfg.c **** 	CyDelayUs(1500u); /* Wait to stabalize */
 305              		.loc 1 224 0
 306 0108 104B     		ldr	r3, .L11+40
 307 010a 181C     		mov	r0, r3
 308 010c FFF7FEFF 		bl	CyDelayUs
 225:.\Generated_Source\PSoC4/cyfitter_cfg.c **** 
 226:.\Generated_Source\PSoC4/cyfitter_cfg.c **** 	/* Setup phase aligned clocks */
 227:.\Generated_Source\PSoC4/cyfitter_cfg.c **** 
 228:.\Generated_Source\PSoC4/cyfitter_cfg.c **** 	/* CYDEV_CLK_IMO_CONFIG Starting address: CYDEV_CLK_IMO_CONFIG */
 229:.\Generated_Source\PSoC4/cyfitter_cfg.c **** 	CY_SET_XTND_REG32((void CYFAR *)(CYREG_CLK_IMO_CONFIG), 0x80000000u);
 309              		.loc 1 229 0
 310 0110 0F4B     		ldr	r3, .L11+44
 311 0112 8022     		mov	r2, #128
 312 0114 1206     		lsl	r2, r2, #24
 313 0116 1A60     		str	r2, [r3]
 230:.\Generated_Source\PSoC4/cyfitter_cfg.c **** 
 231:.\Generated_Source\PSoC4/cyfitter_cfg.c **** 	/* CYDEV_CLK_SELECT Starting address: CYDEV_CLK_SELECT */
 232:.\Generated_Source\PSoC4/cyfitter_cfg.c **** 	CY_SET_XTND_REG32((void CYFAR *)(CYREG_CLK_SELECT), 0x00040000u);
 314              		.loc 1 232 0
 315 0118 0E4B     		ldr	r3, .L11+48
 316 011a 8022     		mov	r2, #128
 317 011c D202     		lsl	r2, r2, #11
 318 011e 1A60     		str	r2, [r3]
 233:.\Generated_Source\PSoC4/cyfitter_cfg.c **** 
 234:.\Generated_Source\PSoC4/cyfitter_cfg.c **** }
 319              		.loc 1 234 0
 320 0120 BD46     		mov	sp, r7
 321              		@ sp needed
 322 0122 80BD     		pop	{r7, pc}
 323              	.L12:
 324              		.align	2
 325              	.L11:
 326 0124 30001040 		.word	1074790448
 327 0128 28FF0B40 		.word	1074528040
 328 012c FDF1FF0F 		.word	268431869
 329 0130 2CFF0B40 		.word	1074528044
 330 0134 04010B40 		.word	1074462980
 331 0138 06000080 		.word	-2147483642
 332 013c 0C020B40 		.word	1074463244
 333 0140 7C002E40 		.word	1076756604
ARM GAS  C:\Users\jsing\AppData\Local\Temp\cc7TpSwB.s 			page 11


 334 0144 2D3E0000 		.word	15917
 335 0148 6CF02E40 		.word	1076818028
 336 014c DC050000 		.word	1500
 337 0150 08010B40 		.word	1074462984
 338 0154 00010B40 		.word	1074462976
 339              		.cfi_endproc
 340              	.LFE6:
 341              		.size	ClockSetup, .-ClockSetup
 342              		.section	.text.AnalogSetDefault,"ax",%progbits
 343              		.align	2
 344              		.code	16
 345              		.thumb_func
 346              		.type	AnalogSetDefault, %function
 347              	AnalogSetDefault:
 348              	.LFB7:
 235:.\Generated_Source\PSoC4/cyfitter_cfg.c **** 
 236:.\Generated_Source\PSoC4/cyfitter_cfg.c **** 
 237:.\Generated_Source\PSoC4/cyfitter_cfg.c **** /* Analog API Functions */
 238:.\Generated_Source\PSoC4/cyfitter_cfg.c **** 
 239:.\Generated_Source\PSoC4/cyfitter_cfg.c **** 
 240:.\Generated_Source\PSoC4/cyfitter_cfg.c **** /*******************************************************************************
 241:.\Generated_Source\PSoC4/cyfitter_cfg.c **** * Function Name: AnalogSetDefault
 242:.\Generated_Source\PSoC4/cyfitter_cfg.c **** ********************************************************************************
 243:.\Generated_Source\PSoC4/cyfitter_cfg.c **** *
 244:.\Generated_Source\PSoC4/cyfitter_cfg.c **** * Summary:
 245:.\Generated_Source\PSoC4/cyfitter_cfg.c **** *  Sets up the analog portions of the chip to default values based on chip
 246:.\Generated_Source\PSoC4/cyfitter_cfg.c **** *  configuration options from the project.
 247:.\Generated_Source\PSoC4/cyfitter_cfg.c **** *
 248:.\Generated_Source\PSoC4/cyfitter_cfg.c **** * Parameters:
 249:.\Generated_Source\PSoC4/cyfitter_cfg.c **** *  void
 250:.\Generated_Source\PSoC4/cyfitter_cfg.c **** *
 251:.\Generated_Source\PSoC4/cyfitter_cfg.c **** * Return:
 252:.\Generated_Source\PSoC4/cyfitter_cfg.c **** *  void
 253:.\Generated_Source\PSoC4/cyfitter_cfg.c **** *
 254:.\Generated_Source\PSoC4/cyfitter_cfg.c **** *******************************************************************************/
 255:.\Generated_Source\PSoC4/cyfitter_cfg.c **** static void AnalogSetDefault(void);
 256:.\Generated_Source\PSoC4/cyfitter_cfg.c **** static void AnalogSetDefault(void)
 257:.\Generated_Source\PSoC4/cyfitter_cfg.c **** {
 349              		.loc 1 257 0
 350              		.cfi_startproc
 351 0000 80B5     		push	{r7, lr}
 352              		.cfi_def_cfa_offset 8
 353              		.cfi_offset 7, -8
 354              		.cfi_offset 14, -4
 355 0002 00AF     		add	r7, sp, #0
 356              		.cfi_def_cfa_register 7
 258:.\Generated_Source\PSoC4/cyfitter_cfg.c **** 	CY_SET_XTND_REG32((void CYFAR *)CYREG_CTBM0_DFT_CTRL, 0x00000003u);
 357              		.loc 1 258 0
 358 0004 054B     		ldr	r3, .L14
 359 0006 0322     		mov	r2, #3
 360 0008 1A60     		str	r2, [r3]
 259:.\Generated_Source\PSoC4/cyfitter_cfg.c **** 	CY_SET_XTND_REG32((void CYFAR *)CYREG_CTBM1_DFT_CTRL, 0x00000003u);
 361              		.loc 1 259 0
 362 000a 054B     		ldr	r3, .L14+4
 363 000c 0322     		mov	r2, #3
 364 000e 1A60     		str	r2, [r3]
 260:.\Generated_Source\PSoC4/cyfitter_cfg.c **** 	CY_SET_XTND_REG32((void CYFAR *)CYREG_PASS_DSAB_DSAB_CTRL, 0x00000000u);
ARM GAS  C:\Users\jsing\AppData\Local\Temp\cc7TpSwB.s 			page 12


 365              		.loc 1 260 0
 366 0010 044B     		ldr	r3, .L14+8
 367 0012 0022     		mov	r2, #0
 368 0014 1A60     		str	r2, [r3]
 261:.\Generated_Source\PSoC4/cyfitter_cfg.c **** }
 369              		.loc 1 261 0
 370 0016 BD46     		mov	sp, r7
 371              		@ sp needed
 372 0018 80BD     		pop	{r7, pc}
 373              	.L15:
 374 001a C046     		.align	2
 375              	.L14:
 376 001c 30003040 		.word	1076887600
 377 0020 30003140 		.word	1076953136
 378 0024 000E3F40 		.word	1077874176
 379              		.cfi_endproc
 380              	.LFE7:
 381              		.size	AnalogSetDefault, .-AnalogSetDefault
 382              		.section	.psocinit
 383              		.align	2
 384              		.global	cyfitter_cfg
 385              		.code	16
 386              		.thumb_func
 387              		.type	cyfitter_cfg, %function
 388              	cyfitter_cfg:
 389              	.LFB8:
 262:.\Generated_Source\PSoC4/cyfitter_cfg.c **** 
 263:.\Generated_Source\PSoC4/cyfitter_cfg.c **** #define CY_AMUX_UNUSED CYREG_CM0_ROM_DWT
 264:.\Generated_Source\PSoC4/cyfitter_cfg.c **** 
 265:.\Generated_Source\PSoC4/cyfitter_cfg.c **** 
 266:.\Generated_Source\PSoC4/cyfitter_cfg.c **** /*******************************************************************************
 267:.\Generated_Source\PSoC4/cyfitter_cfg.c **** * Function Name: cyfitter_cfg
 268:.\Generated_Source\PSoC4/cyfitter_cfg.c **** ********************************************************************************
 269:.\Generated_Source\PSoC4/cyfitter_cfg.c **** * Summary:
 270:.\Generated_Source\PSoC4/cyfitter_cfg.c **** *  This function is called by the start-up code for the selected device. It
 271:.\Generated_Source\PSoC4/cyfitter_cfg.c **** *  performs all of the necessary device configuration based on the design
 272:.\Generated_Source\PSoC4/cyfitter_cfg.c **** *  settings.  This includes settings from the Design Wide Resources (DWR) such
 273:.\Generated_Source\PSoC4/cyfitter_cfg.c **** *  as Clocks and Pins as well as any component configuration that is necessary.
 274:.\Generated_Source\PSoC4/cyfitter_cfg.c **** *
 275:.\Generated_Source\PSoC4/cyfitter_cfg.c **** * Parameters:  
 276:.\Generated_Source\PSoC4/cyfitter_cfg.c **** *   void
 277:.\Generated_Source\PSoC4/cyfitter_cfg.c **** *
 278:.\Generated_Source\PSoC4/cyfitter_cfg.c **** * Return:
 279:.\Generated_Source\PSoC4/cyfitter_cfg.c **** *   void
 280:.\Generated_Source\PSoC4/cyfitter_cfg.c **** *
 281:.\Generated_Source\PSoC4/cyfitter_cfg.c **** *******************************************************************************/
 282:.\Generated_Source\PSoC4/cyfitter_cfg.c **** CY_CFG_SECTION
 283:.\Generated_Source\PSoC4/cyfitter_cfg.c **** void cyfitter_cfg(void)
 284:.\Generated_Source\PSoC4/cyfitter_cfg.c **** {
 390              		.loc 1 284 0
 391              		.cfi_startproc
 392 0158 80B5     		push	{r7, lr}
 393              		.cfi_def_cfa_offset 8
 394              		.cfi_offset 7, -8
 395              		.cfi_offset 14, -4
 396 015a 82B0     		sub	sp, sp, #8
 397              		.cfi_def_cfa_offset 16
ARM GAS  C:\Users\jsing\AppData\Local\Temp\cc7TpSwB.s 			page 13


 398 015c 00AF     		add	r7, sp, #0
 399              		.cfi_def_cfa_register 7
 285:.\Generated_Source\PSoC4/cyfitter_cfg.c **** 	/* Disable interrupts by default. Let user enable if/when they want. */
 286:.\Generated_Source\PSoC4/cyfitter_cfg.c **** 	CyGlobalIntDisable;
 400              		.loc 1 286 0
 401              	@ 286 ".\Generated_Source\PSoC4\cyfitter_cfg.c" 1
 402 015e 72B6     		CPSID   i
 403              	@ 0 "" 2
 287:.\Generated_Source\PSoC4/cyfitter_cfg.c **** 
 288:.\Generated_Source\PSoC4/cyfitter_cfg.c **** 	CY_SET_XTND_REG32((void CYFAR *)(CYREG_BLE_BLESS_LL_DSM_CTRL), 0x00000000u);
 404              		.loc 1 288 0
 405              		.code	16
 406 0160 324B     		ldr	r3, .L19
 407 0162 0022     		mov	r2, #0
 408 0164 1A60     		str	r2, [r3]
 409              	.LBB2:
 289:.\Generated_Source\PSoC4/cyfitter_cfg.c **** 
 290:.\Generated_Source\PSoC4/cyfitter_cfg.c **** 	{
 291:.\Generated_Source\PSoC4/cyfitter_cfg.c **** 
 292:.\Generated_Source\PSoC4/cyfitter_cfg.c **** 		CYPACKED typedef struct {
 293:.\Generated_Source\PSoC4/cyfitter_cfg.c **** 			void CYFAR *address;
 294:.\Generated_Source\PSoC4/cyfitter_cfg.c **** 			uint16 size;
 295:.\Generated_Source\PSoC4/cyfitter_cfg.c **** 		} CYPACKED_ATTR cfg_memset_t;
 296:.\Generated_Source\PSoC4/cyfitter_cfg.c **** 
 297:.\Generated_Source\PSoC4/cyfitter_cfg.c **** 		static const cfg_memset_t CYCODE cfg_memset_list [] = {
 298:.\Generated_Source\PSoC4/cyfitter_cfg.c **** 			/* address, size */
 299:.\Generated_Source\PSoC4/cyfitter_cfg.c **** 			{(void CYFAR *)(CYDEV_UDB_P0_U0_BASE), 1024u},
 300:.\Generated_Source\PSoC4/cyfitter_cfg.c **** 			{(void CYFAR *)(CYDEV_UDB_DSI0_BASE), 1024u},
 301:.\Generated_Source\PSoC4/cyfitter_cfg.c **** 		};
 302:.\Generated_Source\PSoC4/cyfitter_cfg.c **** 
 303:.\Generated_Source\PSoC4/cyfitter_cfg.c **** 		uint8 CYDATA i;
 304:.\Generated_Source\PSoC4/cyfitter_cfg.c **** 
 305:.\Generated_Source\PSoC4/cyfitter_cfg.c **** 		/* Zero out critical memory blocks before beginning configuration */
 306:.\Generated_Source\PSoC4/cyfitter_cfg.c **** 		for (i = 0u; i < (sizeof(cfg_memset_list)/sizeof(cfg_memset_list[0])); i++)
 410              		.loc 1 306 0
 411 0166 FB1D     		add	r3, r7, #7
 412 0168 0022     		mov	r2, #0
 413 016a 1A70     		strb	r2, [r3]
 414 016c 23E0     		b	.L17
 415              	.L18:
 416              	.LBB3:
 307:.\Generated_Source\PSoC4/cyfitter_cfg.c **** 		{
 308:.\Generated_Source\PSoC4/cyfitter_cfg.c **** 			const cfg_memset_t CYCODE * CYDATA ms = &cfg_memset_list[i];
 417              		.loc 1 308 0 discriminator 2
 418 016e FB1D     		add	r3, r7, #7
 419 0170 1A78     		ldrb	r2, [r3]
 420 0172 131C     		mov	r3, r2
 421 0174 5B00     		lsl	r3, r3, #1
 422 0176 9B18     		add	r3, r3, r2
 423 0178 5B00     		lsl	r3, r3, #1
 424 017a 2D4A     		ldr	r2, .L19+4
 425 017c 9B18     		add	r3, r3, r2
 426 017e 3B60     		str	r3, [r7]
 309:.\Generated_Source\PSoC4/cyfitter_cfg.c **** 			CYMEMZERO(ms->address, (size_t)(uint32)(ms->size));
 427              		.loc 1 309 0 discriminator 2
 428 0180 3B68     		ldr	r3, [r7]
 429 0182 1A78     		ldrb	r2, [r3]
ARM GAS  C:\Users\jsing\AppData\Local\Temp\cc7TpSwB.s 			page 14


 430 0184 5978     		ldrb	r1, [r3, #1]
 431 0186 0902     		lsl	r1, r1, #8
 432 0188 0A43     		orr	r2, r1
 433 018a 9978     		ldrb	r1, [r3, #2]
 434 018c 0904     		lsl	r1, r1, #16
 435 018e 0A43     		orr	r2, r1
 436 0190 DB78     		ldrb	r3, [r3, #3]
 437 0192 1B06     		lsl	r3, r3, #24
 438 0194 1343     		orr	r3, r2
 439 0196 1A1C     		mov	r2, r3
 440 0198 3B68     		ldr	r3, [r7]
 441 019a 1979     		ldrb	r1, [r3, #4]
 442 019c 5B79     		ldrb	r3, [r3, #5]
 443 019e 1B02     		lsl	r3, r3, #8
 444 01a0 0B43     		orr	r3, r1
 445 01a2 9BB2     		uxth	r3, r3
 446 01a4 101C     		mov	r0, r2
 447 01a6 191C     		mov	r1, r3
 448 01a8 FFF7FEFF 		bl	CYMEMZERO
 449              	.LBE3:
 306:.\Generated_Source\PSoC4/cyfitter_cfg.c **** 		for (i = 0u; i < (sizeof(cfg_memset_list)/sizeof(cfg_memset_list[0])); i++)
 450              		.loc 1 306 0 discriminator 2
 451 01ac FB1D     		add	r3, r7, #7
 452 01ae 1A78     		ldrb	r2, [r3]
 453 01b0 FB1D     		add	r3, r7, #7
 454 01b2 0132     		add	r2, r2, #1
 455 01b4 1A70     		strb	r2, [r3]
 456              	.L17:
 306:.\Generated_Source\PSoC4/cyfitter_cfg.c **** 		for (i = 0u; i < (sizeof(cfg_memset_list)/sizeof(cfg_memset_list[0])); i++)
 457              		.loc 1 306 0 is_stmt 0 discriminator 1
 458 01b6 FB1D     		add	r3, r7, #7
 459 01b8 1B78     		ldrb	r3, [r3]
 460 01ba 012B     		cmp	r3, #1
 461 01bc D7D9     		bls	.L18
 310:.\Generated_Source\PSoC4/cyfitter_cfg.c **** 		}
 311:.\Generated_Source\PSoC4/cyfitter_cfg.c **** 
 312:.\Generated_Source\PSoC4/cyfitter_cfg.c **** 		/* HSIOM Starting address: CYDEV_HSIOM_BASE */
 313:.\Generated_Source\PSoC4/cyfitter_cfg.c **** 		CY_SET_XTND_REG32((void CYFAR *)(CYDEV_HSIOM_BASE), 0xEE000000u);
 462              		.loc 1 313 0 is_stmt 1
 463 01be 1D4B     		ldr	r3, .L19+8
 464 01c0 EE22     		mov	r2, #238
 465 01c2 1206     		lsl	r2, r2, #24
 466 01c4 1A60     		str	r2, [r3]
 314:.\Generated_Source\PSoC4/cyfitter_cfg.c **** 
 315:.\Generated_Source\PSoC4/cyfitter_cfg.c **** 		/* IOPINS0_0 Starting address: CYDEV_GPIO_PRT0_DR */
 316:.\Generated_Source\PSoC4/cyfitter_cfg.c **** 		CY_SET_XTND_REG32((void CYFAR *)(CYREG_GPIO_PRT0_PC), 0x00D80000u);
 467              		.loc 1 316 0
 468 01c6 1C4B     		ldr	r3, .L19+12
 469 01c8 D822     		mov	r2, #216
 470 01ca 1204     		lsl	r2, r2, #16
 471 01cc 1A60     		str	r2, [r3]
 317:.\Generated_Source\PSoC4/cyfitter_cfg.c **** 
 318:.\Generated_Source\PSoC4/cyfitter_cfg.c **** 		/* IOPINS0_2 Starting address: CYDEV_GPIO_PRT2_DR */
 319:.\Generated_Source\PSoC4/cyfitter_cfg.c **** 		CY_SET_XTND_REG32((void CYFAR *)(CYREG_GPIO_PRT2_PC), 0x00180000u);
 472              		.loc 1 319 0
 473 01ce 1B4B     		ldr	r3, .L19+16
 474 01d0 C022     		mov	r2, #192
ARM GAS  C:\Users\jsing\AppData\Local\Temp\cc7TpSwB.s 			page 15


 475 01d2 5203     		lsl	r2, r2, #13
 476 01d4 1A60     		str	r2, [r3]
 320:.\Generated_Source\PSoC4/cyfitter_cfg.c **** 
 321:.\Generated_Source\PSoC4/cyfitter_cfg.c **** 		/* UDB_PA_0 Starting address: CYDEV_UDB_PA0_BASE */
 322:.\Generated_Source\PSoC4/cyfitter_cfg.c **** 		CY_SET_XTND_REG32((void CYFAR *)(CYDEV_UDB_PA0_BASE), 0x00990000u);
 477              		.loc 1 322 0
 478 01d6 1A4B     		ldr	r3, .L19+20
 479 01d8 9922     		mov	r2, #153
 480 01da 1204     		lsl	r2, r2, #16
 481 01dc 1A60     		str	r2, [r3]
 323:.\Generated_Source\PSoC4/cyfitter_cfg.c **** 
 324:.\Generated_Source\PSoC4/cyfitter_cfg.c **** 		/* UDB_PA_2 Starting address: CYDEV_UDB_PA2_BASE */
 325:.\Generated_Source\PSoC4/cyfitter_cfg.c **** 		CY_SET_XTND_REG32((void CYFAR *)(CYDEV_UDB_PA2_BASE), 0x00990000u);
 482              		.loc 1 325 0
 483 01de 194B     		ldr	r3, .L19+24
 484 01e0 9922     		mov	r2, #153
 485 01e2 1204     		lsl	r2, r2, #16
 486 01e4 1A60     		str	r2, [r3]
 326:.\Generated_Source\PSoC4/cyfitter_cfg.c **** 
 327:.\Generated_Source\PSoC4/cyfitter_cfg.c **** 		/* Enable digital routing */
 328:.\Generated_Source\PSoC4/cyfitter_cfg.c **** 		CY_SET_XTND_REG8((void *)CYREG_UDB_UDBIF_BANK_CTL, CY_GET_XTND_REG8((void *)CYREG_UDB_UDBIF_BANK_
 487              		.loc 1 328 0
 488 01e6 184B     		ldr	r3, .L19+28
 489 01e8 174A     		ldr	r2, .L19+28
 490 01ea 1278     		ldrb	r2, [r2]
 491 01ec D2B2     		uxtb	r2, r2
 492 01ee 0221     		mov	r1, #2
 493 01f0 0A43     		orr	r2, r1
 494 01f2 D2B2     		uxtb	r2, r2
 495 01f4 1A70     		strb	r2, [r3]
 329:.\Generated_Source\PSoC4/cyfitter_cfg.c **** 
 330:.\Generated_Source\PSoC4/cyfitter_cfg.c **** 		/* Enable UDB array */
 331:.\Generated_Source\PSoC4/cyfitter_cfg.c **** 		CY_SET_XTND_REG8((void *)CYREG_UDB_UDBIF_WAIT_CFG, (uint8)((CY_GET_XTND_REG8((void *)CYREG_UDB_UD
 496              		.loc 1 331 0
 497 01f6 154B     		ldr	r3, .L19+32
 498 01f8 144A     		ldr	r2, .L19+32
 499 01fa 1278     		ldrb	r2, [r2]
 500 01fc D2B2     		uxtb	r2, r2
 501 01fe 3C21     		mov	r1, #60
 502 0200 8A43     		bic	r2, r1
 503 0202 D2B2     		uxtb	r2, r2
 504 0204 1421     		mov	r1, #20
 505 0206 0A43     		orr	r2, r1
 506 0208 D2B2     		uxtb	r2, r2
 507 020a 1A70     		strb	r2, [r3]
 332:.\Generated_Source\PSoC4/cyfitter_cfg.c **** 		CY_SET_XTND_REG8((void *)CYREG_UDB_UDBIF_BANK_CTL, (uint8)(CY_GET_XTND_REG8((void *)CYREG_UDB_UDB
 508              		.loc 1 332 0
 509 020c 0E4B     		ldr	r3, .L19+28
 510 020e 0E4A     		ldr	r2, .L19+28
 511 0210 1278     		ldrb	r2, [r2]
 512 0212 D2B2     		uxtb	r2, r2
 513 0214 1621     		mov	r1, #22
 514 0216 0A43     		orr	r2, r1
 515 0218 D2B2     		uxtb	r2, r2
 516 021a 1A70     		strb	r2, [r3]
 517              	.LBE2:
 333:.\Generated_Source\PSoC4/cyfitter_cfg.c **** 	}
ARM GAS  C:\Users\jsing\AppData\Local\Temp\cc7TpSwB.s 			page 16


 334:.\Generated_Source\PSoC4/cyfitter_cfg.c **** 
 335:.\Generated_Source\PSoC4/cyfitter_cfg.c **** 	/* Setup clocks based on selections from Clock DWR */
 336:.\Generated_Source\PSoC4/cyfitter_cfg.c **** 	ClockSetup();
 518              		.loc 1 336 0
 519 021c FFF742FF 		bl	ClockSetup
 337:.\Generated_Source\PSoC4/cyfitter_cfg.c **** 
 338:.\Generated_Source\PSoC4/cyfitter_cfg.c **** 	/* Perform basic analog initialization to defaults */
 339:.\Generated_Source\PSoC4/cyfitter_cfg.c **** 	AnalogSetDefault();
 520              		.loc 1 339 0
 521 0220 FFF7FEFF 		bl	AnalogSetDefault
 340:.\Generated_Source\PSoC4/cyfitter_cfg.c **** 
 341:.\Generated_Source\PSoC4/cyfitter_cfg.c **** }
 522              		.loc 1 341 0
 523 0224 BD46     		mov	sp, r7
 524 0226 02B0     		add	sp, sp, #8
 525              		@ sp needed
 526 0228 80BD     		pop	{r7, pc}
 527              	.L20:
 528 022a C046     		.align	2
 529              	.L19:
 530 022c 6CF02E40 		.word	1076818028
 531 0230 04000000 		.word	cfg_memset_list.4742
 532 0234 00000240 		.word	1073872896
 533 0238 08000440 		.word	1074003976
 534 023c 08020440 		.word	1074004488
 535 0240 00500F40 		.word	1074745344
 536 0244 20500F40 		.word	1074745376
 537 0248 00700F40 		.word	1074753536
 538 024c 01700F40 		.word	1074753537
 539              		.cfi_endproc
 540              	.LFE8:
 541              		.size	cyfitter_cfg, .-cyfitter_cfg
 542              		.data
 543              		.align	2
 544              		.type	imo_trim_table.4717, %object
 545              		.size	imo_trim_table.4717, 4
 546              	imo_trim_table.4717:
 547 0000 C0F1FF0F 		.word	268431808
 548              		.section	.rodata
 549              		.align	2
 550              		.type	IMO_TRIM_FREQ_TABLE_ENTRIES.4718, %object
 551              		.size	IMO_TRIM_FREQ_TABLE_ENTRIES.4718, 4
 552              	IMO_TRIM_FREQ_TABLE_ENTRIES.4718:
 553 0000 04000000 		.word	4
 554              		.align	2
 555              		.type	cfg_memset_list.4742, %object
 556              		.size	cfg_memset_list.4742, 12
 557              	cfg_memset_list.4742:
 558 0004 00300F40 		.word	1074737152
 559 0008 0004     		.short	1024
 560 000a 00400F40 		.4byte	1074741248
 561 000e 0004     		.short	1024
 562              		.text
 563              	.Letext0:
 564              		.file 2 "d:\\program files (x86)\\cypress\\psoc creator\\3.1\\psoc creator\\import\\gnu_cs\\arm\\4
 565              		.file 3 ".\\Generated_Source\\PSoC4/cytypes.h"
 566              		.section	.debug_info,"",%progbits
ARM GAS  C:\Users\jsing\AppData\Local\Temp\cc7TpSwB.s 			page 17


 567              	.Ldebug_info0:
 568 0000 3F030000 		.4byte	0x33f
 569 0004 0400     		.2byte	0x4
 570 0006 00000000 		.4byte	.Ldebug_abbrev0
 571 000a 04       		.byte	0x4
 572 000b 01       		.uleb128 0x1
 573 000c 45020000 		.4byte	.LASF43
 574 0010 01       		.byte	0x1
 575 0011 69010000 		.4byte	.LASF44
 576 0015 BF010000 		.4byte	.LASF45
 577 0019 00000000 		.4byte	.Ldebug_ranges0+0
 578 001d 00000000 		.4byte	0
 579 0021 00000000 		.4byte	.Ldebug_line0
 580 0025 02       		.uleb128 0x2
 581 0026 04       		.byte	0x4
 582 0027 05       		.byte	0x5
 583 0028 696E7400 		.ascii	"int\000"
 584 002c 03       		.uleb128 0x3
 585 002d 06000000 		.4byte	.LASF11
 586 0031 02       		.byte	0x2
 587 0032 D4       		.byte	0xd4
 588 0033 37000000 		.4byte	0x37
 589 0037 04       		.uleb128 0x4
 590 0038 04       		.byte	0x4
 591 0039 07       		.byte	0x7
 592 003a 12010000 		.4byte	.LASF0
 593 003e 04       		.uleb128 0x4
 594 003f 01       		.byte	0x1
 595 0040 06       		.byte	0x6
 596 0041 29020000 		.4byte	.LASF1
 597 0045 04       		.uleb128 0x4
 598 0046 01       		.byte	0x1
 599 0047 08       		.byte	0x8
 600 0048 BF000000 		.4byte	.LASF2
 601 004c 04       		.uleb128 0x4
 602 004d 02       		.byte	0x2
 603 004e 05       		.byte	0x5
 604 004f 63000000 		.4byte	.LASF3
 605 0053 04       		.uleb128 0x4
 606 0054 02       		.byte	0x2
 607 0055 07       		.byte	0x7
 608 0056 50000000 		.4byte	.LASF4
 609 005a 04       		.uleb128 0x4
 610 005b 04       		.byte	0x4
 611 005c 05       		.byte	0x5
 612 005d 11020000 		.4byte	.LASF5
 613 0061 04       		.uleb128 0x4
 614 0062 04       		.byte	0x4
 615 0063 07       		.byte	0x7
 616 0064 9D000000 		.4byte	.LASF6
 617 0068 04       		.uleb128 0x4
 618 0069 08       		.byte	0x8
 619 006a 05       		.byte	0x5
 620 006b A3010000 		.4byte	.LASF7
 621 006f 04       		.uleb128 0x4
 622 0070 08       		.byte	0x8
 623 0071 07       		.byte	0x7
ARM GAS  C:\Users\jsing\AppData\Local\Temp\cc7TpSwB.s 			page 18


 624 0072 34010000 		.4byte	.LASF8
 625 0076 04       		.uleb128 0x4
 626 0077 04       		.byte	0x4
 627 0078 07       		.byte	0x7
 628 0079 91010000 		.4byte	.LASF9
 629 007d 05       		.uleb128 0x5
 630 007e 04       		.byte	0x4
 631 007f 04       		.uleb128 0x4
 632 0080 01       		.byte	0x1
 633 0081 08       		.byte	0x8
 634 0082 B1010000 		.4byte	.LASF10
 635 0086 03       		.uleb128 0x3
 636 0087 FC010000 		.4byte	.LASF12
 637 008b 03       		.byte	0x3
 638 008c A1       		.byte	0xa1
 639 008d 45000000 		.4byte	0x45
 640 0091 03       		.uleb128 0x3
 641 0092 04010000 		.4byte	.LASF13
 642 0096 03       		.byte	0x3
 643 0097 A2       		.byte	0xa2
 644 0098 53000000 		.4byte	0x53
 645 009c 03       		.uleb128 0x3
 646 009d 0B010000 		.4byte	.LASF14
 647 00a1 03       		.byte	0x3
 648 00a2 A3       		.byte	0xa3
 649 00a3 61000000 		.4byte	0x61
 650 00a7 03       		.uleb128 0x3
 651 00a8 AF000000 		.4byte	.LASF15
 652 00ac 03       		.byte	0x3
 653 00ad A6       		.byte	0xa6
 654 00ae 5A000000 		.4byte	0x5a
 655 00b2 04       		.uleb128 0x4
 656 00b3 04       		.byte	0x4
 657 00b4 04       		.byte	0x4
 658 00b5 7B000000 		.4byte	.LASF16
 659 00b9 04       		.uleb128 0x4
 660 00ba 08       		.byte	0x8
 661 00bb 04       		.byte	0x4
 662 00bc CD000000 		.4byte	.LASF17
 663 00c0 06       		.uleb128 0x6
 664 00c1 98000000 		.4byte	.LASF18
 665 00c5 03       		.byte	0x3
 666 00c6 4B01     		.2byte	0x14b
 667 00c8 CC000000 		.4byte	0xcc
 668 00cc 07       		.uleb128 0x7
 669 00cd 86000000 		.4byte	0x86
 670 00d1 06       		.uleb128 0x6
 671 00d2 00000000 		.4byte	.LASF19
 672 00d6 03       		.byte	0x3
 673 00d7 4D01     		.2byte	0x14d
 674 00d9 DD000000 		.4byte	0xdd
 675 00dd 07       		.uleb128 0x7
 676 00de 9C000000 		.4byte	0x9c
 677 00e2 08       		.uleb128 0x8
 678 00e3 B5000000 		.4byte	.LASF20
 679 00e7 01       		.byte	0x1
 680 00e8 39       		.byte	0x39
ARM GAS  C:\Users\jsing\AppData\Local\Temp\cc7TpSwB.s 			page 19


 681 00e9 00000000 		.4byte	.LFB2
 682 00ed 1E000000 		.4byte	.LFE2-.LFB2
 683 00f1 01       		.uleb128 0x1
 684 00f2 9C       		.byte	0x9c
 685 00f3 10010000 		.4byte	0x110
 686 00f7 09       		.uleb128 0x9
 687 00f8 7300     		.ascii	"s\000"
 688 00fa 01       		.byte	0x1
 689 00fb 39       		.byte	0x39
 690 00fc 7D000000 		.4byte	0x7d
 691 0100 02       		.uleb128 0x2
 692 0101 91       		.byte	0x91
 693 0102 74       		.sleb128 -12
 694 0103 09       		.uleb128 0x9
 695 0104 6E00     		.ascii	"n\000"
 696 0106 01       		.byte	0x1
 697 0107 39       		.byte	0x39
 698 0108 2C000000 		.4byte	0x2c
 699 010c 02       		.uleb128 0x2
 700 010d 91       		.byte	0x91
 701 010e 70       		.sleb128 -16
 702 010f 00       		.byte	0
 703 0110 08       		.uleb128 0x8
 704 0111 DC000000 		.4byte	.LASF21
 705 0115 01       		.byte	0x1
 706 0116 40       		.byte	0x40
 707 0117 00000000 		.4byte	.LFB3
 708 011b 22000000 		.4byte	.LFE3-.LFB3
 709 011f 01       		.uleb128 0x1
 710 0120 9C       		.byte	0x9c
 711 0121 4E010000 		.4byte	0x14e
 712 0125 0A       		.uleb128 0xa
 713 0126 8E000000 		.4byte	.LASF22
 714 012a 01       		.byte	0x1
 715 012b 40       		.byte	0x40
 716 012c 7D000000 		.4byte	0x7d
 717 0130 02       		.uleb128 0x2
 718 0131 91       		.byte	0x91
 719 0132 74       		.sleb128 -12
 720 0133 09       		.uleb128 0x9
 721 0134 73726300 		.ascii	"src\000"
 722 0138 01       		.byte	0x1
 723 0139 40       		.byte	0x40
 724 013a 4E010000 		.4byte	0x14e
 725 013e 02       		.uleb128 0x2
 726 013f 91       		.byte	0x91
 727 0140 70       		.sleb128 -16
 728 0141 09       		.uleb128 0x9
 729 0142 6E00     		.ascii	"n\000"
 730 0144 01       		.byte	0x1
 731 0145 40       		.byte	0x40
 732 0146 2C000000 		.4byte	0x2c
 733 014a 02       		.uleb128 0x2
 734 014b 91       		.byte	0x91
 735 014c 6C       		.sleb128 -20
 736 014d 00       		.byte	0
 737 014e 0B       		.uleb128 0xb
ARM GAS  C:\Users\jsing\AppData\Local\Temp\cc7TpSwB.s 			page 20


 738 014f 04       		.byte	0x4
 739 0150 54010000 		.4byte	0x154
 740 0154 0C       		.uleb128 0xc
 741 0155 08       		.uleb128 0x8
 742 0156 35020000 		.4byte	.LASF23
 743 015a 01       		.byte	0x1
 744 015b 47       		.byte	0x47
 745 015c 00000000 		.4byte	.LFB4
 746 0160 22000000 		.4byte	.LFE4-.LFB4
 747 0164 01       		.uleb128 0x1
 748 0165 9C       		.byte	0x9c
 749 0166 93010000 		.4byte	0x193
 750 016a 0A       		.uleb128 0xa
 751 016b 8E000000 		.4byte	.LASF22
 752 016f 01       		.byte	0x1
 753 0170 47       		.byte	0x47
 754 0171 7D000000 		.4byte	0x7d
 755 0175 02       		.uleb128 0x2
 756 0176 91       		.byte	0x91
 757 0177 74       		.sleb128 -12
 758 0178 09       		.uleb128 0x9
 759 0179 73726300 		.ascii	"src\000"
 760 017d 01       		.byte	0x1
 761 017e 47       		.byte	0x47
 762 017f 4E010000 		.4byte	0x14e
 763 0183 02       		.uleb128 0x2
 764 0184 91       		.byte	0x91
 765 0185 70       		.sleb128 -16
 766 0186 09       		.uleb128 0x9
 767 0187 6E00     		.ascii	"n\000"
 768 0189 01       		.byte	0x1
 769 018a 47       		.byte	0x47
 770 018b 2C000000 		.4byte	0x2c
 771 018f 02       		.uleb128 0x2
 772 0190 91       		.byte	0x91
 773 0191 6C       		.sleb128 -20
 774 0192 00       		.byte	0
 775 0193 0D       		.uleb128 0xd
 776 0194 6D000000 		.4byte	.LASF24
 777 0198 01       		.byte	0x1
 778 0199 8C       		.byte	0x8c
 779 019a 00000000 		.4byte	.LFB5
 780 019e A4000000 		.4byte	.LFE5-.LFB5
 781 01a2 01       		.uleb128 0x1
 782 01a3 9C       		.byte	0x9c
 783 01a4 76020000 		.4byte	0x276
 784 01a8 0A       		.uleb128 0xa
 785 01a9 D4000000 		.4byte	.LASF25
 786 01ad 01       		.byte	0x1
 787 01ae 8C       		.byte	0x8c
 788 01af 86000000 		.4byte	0x86
 789 01b3 02       		.uleb128 0x2
 790 01b4 91       		.byte	0x91
 791 01b5 6F       		.sleb128 -17
 792 01b6 0E       		.uleb128 0xe
 793 01b7 03       		.byte	0x3
 794 01b8 01       		.byte	0x1
ARM GAS  C:\Users\jsing\AppData\Local\Temp\cc7TpSwB.s 			page 21


 795 01b9 8E       		.byte	0x8e
 796 01ba E3010000 		.4byte	0x1e3
 797 01be 0F       		.uleb128 0xf
 798 01bf F7010000 		.4byte	.LASF26
 799 01c3 01       		.byte	0x1
 800 01c4 8F       		.byte	0x8f
 801 01c5 86000000 		.4byte	0x86
 802 01c9 00       		.byte	0
 803 01ca 0F       		.uleb128 0xf
 804 01cb B6010000 		.4byte	.LASF27
 805 01cf 01       		.byte	0x1
 806 01d0 90       		.byte	0x90
 807 01d1 86000000 		.4byte	0x86
 808 01d5 01       		.byte	0x1
 809 01d6 0F       		.uleb128 0xf
 810 01d7 4A000000 		.4byte	.LASF28
 811 01db 01       		.byte	0x1
 812 01dc 91       		.byte	0x91
 813 01dd 86000000 		.4byte	0x86
 814 01e1 02       		.byte	0x2
 815 01e2 00       		.byte	0
 816 01e3 03       		.uleb128 0x3
 817 01e4 1E000000 		.4byte	.LASF29
 818 01e8 01       		.byte	0x1
 819 01e9 92       		.byte	0x92
 820 01ea B6010000 		.4byte	0x1b6
 821 01ee 0E       		.uleb128 0xe
 822 01ef 0C       		.byte	0xc
 823 01f0 01       		.byte	0x1
 824 01f1 94       		.byte	0x94
 825 01f2 13020000 		.4byte	0x213
 826 01f6 10       		.uleb128 0x10
 827 01f7 E3010000 		.4byte	0x1e3
 828 01fb 06020000 		.4byte	0x206
 829 01ff 11       		.uleb128 0x11
 830 0200 76000000 		.4byte	0x76
 831 0204 03       		.byte	0x3
 832 0205 00       		.byte	0
 833 0206 0F       		.uleb128 0xf
 834 0207 1A020000 		.4byte	.LASF30
 835 020b 01       		.byte	0x1
 836 020c 95       		.byte	0x95
 837 020d F6010000 		.4byte	0x1f6
 838 0211 00       		.byte	0
 839 0212 00       		.byte	0
 840 0213 03       		.uleb128 0x3
 841 0214 4B010000 		.4byte	.LASF31
 842 0218 01       		.byte	0x1
 843 0219 96       		.byte	0x96
 844 021a EE010000 		.4byte	0x1ee
 845 021e 12       		.uleb128 0x12
 846 021f 02020000 		.4byte	.LASF32
 847 0223 01       		.byte	0x1
 848 0224 98       		.byte	0x98
 849 0225 2F020000 		.4byte	0x22f
 850 0229 05       		.uleb128 0x5
 851 022a 03       		.byte	0x3
ARM GAS  C:\Users\jsing\AppData\Local\Temp\cc7TpSwB.s 			page 22


 852 022b 00000000 		.4byte	imo_trim_table.4717
 853 022f 0B       		.uleb128 0xb
 854 0230 04       		.byte	0x4
 855 0231 35020000 		.4byte	0x235
 856 0235 13       		.uleb128 0x13
 857 0236 13020000 		.4byte	0x213
 858 023a 12       		.uleb128 0x12
 859 023b E8000000 		.4byte	.LASF33
 860 023f 01       		.byte	0x1
 861 0240 99       		.byte	0x99
 862 0241 76020000 		.4byte	0x276
 863 0245 05       		.uleb128 0x5
 864 0246 03       		.byte	0x3
 865 0247 00000000 		.4byte	IMO_TRIM_FREQ_TABLE_ENTRIES.4718
 866 024b 12       		.uleb128 0x12
 867 024c 81000000 		.4byte	.LASF34
 868 0250 01       		.byte	0x1
 869 0251 9B       		.byte	0x9b
 870 0252 A7000000 		.4byte	0xa7
 871 0256 02       		.uleb128 0x2
 872 0257 91       		.byte	0x91
 873 0258 74       		.sleb128 -12
 874 0259 12       		.uleb128 0x12
 875 025a 22020000 		.4byte	.LASF35
 876 025e 01       		.byte	0x1
 877 025f 9C       		.byte	0x9c
 878 0260 86000000 		.4byte	0x86
 879 0264 02       		.uleb128 0x2
 880 0265 91       		.byte	0x91
 881 0266 73       		.sleb128 -13
 882 0267 12       		.uleb128 0x12
 883 0268 9A010000 		.4byte	.LASF36
 884 026c 01       		.byte	0x1
 885 026d 9D       		.byte	0x9d
 886 026e 86000000 		.4byte	0x86
 887 0272 02       		.uleb128 0x2
 888 0273 91       		.byte	0x91
 889 0274 72       		.sleb128 -14
 890 0275 00       		.byte	0
 891 0276 13       		.uleb128 0x13
 892 0277 9C000000 		.4byte	0x9c
 893 027b 14       		.uleb128 0x14
 894 027c 3F000000 		.4byte	.LASF37
 895 0280 01       		.byte	0x1
 896 0281 C3       		.byte	0xc3
 897 0282 A4000000 		.4byte	.LFB6
 898 0286 B4000000 		.4byte	.LFE6-.LFB6
 899 028a 01       		.uleb128 0x1
 900 028b 9C       		.byte	0x9c
 901 028c 15       		.uleb128 0x15
 902 028d 0D000000 		.4byte	.LASF38
 903 0291 01       		.byte	0x1
 904 0292 0001     		.2byte	0x100
 905 0294 00000000 		.4byte	.LFB7
 906 0298 28000000 		.4byte	.LFE7-.LFB7
 907 029c 01       		.uleb128 0x1
 908 029d 9C       		.byte	0x9c
ARM GAS  C:\Users\jsing\AppData\Local\Temp\cc7TpSwB.s 			page 23


 909 029e 16       		.uleb128 0x16
 910 029f 1F010000 		.4byte	.LASF46
 911 02a3 01       		.byte	0x1
 912 02a4 1B01     		.2byte	0x11b
 913 02a6 58010000 		.4byte	.LFB8
 914 02aa F8000000 		.4byte	.LFE8-.LFB8
 915 02ae 01       		.uleb128 0x1
 916 02af 9C       		.byte	0x9c
 917 02b0 17       		.uleb128 0x17
 918 02b1 66010000 		.4byte	.LBB2
 919 02b5 B6000000 		.4byte	.LBE2-.LBB2
 920 02b9 18       		.uleb128 0x18
 921 02ba 06       		.byte	0x6
 922 02bb 01       		.byte	0x1
 923 02bc 2401     		.2byte	0x124
 924 02be DD020000 		.4byte	0x2dd
 925 02c2 19       		.uleb128 0x19
 926 02c3 2C010000 		.4byte	.LASF39
 927 02c7 01       		.byte	0x1
 928 02c8 2501     		.2byte	0x125
 929 02ca 7D000000 		.4byte	0x7d
 930 02ce 00       		.byte	0
 931 02cf 19       		.uleb128 0x19
 932 02d0 93000000 		.4byte	.LASF40
 933 02d4 01       		.byte	0x1
 934 02d5 2601     		.2byte	0x126
 935 02d7 91000000 		.4byte	0x91
 936 02db 04       		.byte	0x4
 937 02dc 00       		.byte	0
 938 02dd 06       		.uleb128 0x6
 939 02de 5C010000 		.4byte	.LASF41
 940 02e2 01       		.byte	0x1
 941 02e3 2701     		.2byte	0x127
 942 02e5 B9020000 		.4byte	0x2b9
 943 02e9 10       		.uleb128 0x10
 944 02ea DD020000 		.4byte	0x2dd
 945 02ee F9020000 		.4byte	0x2f9
 946 02f2 11       		.uleb128 0x11
 947 02f3 76000000 		.4byte	0x76
 948 02f7 01       		.byte	0x1
 949 02f8 00       		.byte	0
 950 02f9 1A       		.uleb128 0x1a
 951 02fa 2F000000 		.4byte	.LASF42
 952 02fe 01       		.byte	0x1
 953 02ff 2901     		.2byte	0x129
 954 0301 0B030000 		.4byte	0x30b
 955 0305 05       		.uleb128 0x5
 956 0306 03       		.byte	0x3
 957 0307 04000000 		.4byte	cfg_memset_list.4742
 958 030b 13       		.uleb128 0x13
 959 030c E9020000 		.4byte	0x2e9
 960 0310 1B       		.uleb128 0x1b
 961 0311 6900     		.ascii	"i\000"
 962 0313 01       		.byte	0x1
 963 0314 2F01     		.2byte	0x12f
 964 0316 86000000 		.4byte	0x86
 965 031a 02       		.uleb128 0x2
ARM GAS  C:\Users\jsing\AppData\Local\Temp\cc7TpSwB.s 			page 24


 966 031b 91       		.byte	0x91
 967 031c 77       		.sleb128 -9
 968 031d 17       		.uleb128 0x17
 969 031e 6E010000 		.4byte	.LBB3
 970 0322 3E000000 		.4byte	.LBE3-.LBB3
 971 0326 1B       		.uleb128 0x1b
 972 0327 6D7300   		.ascii	"ms\000"
 973 032a 01       		.byte	0x1
 974 032b 3401     		.2byte	0x134
 975 032d 34030000 		.4byte	0x334
 976 0331 02       		.uleb128 0x2
 977 0332 91       		.byte	0x91
 978 0333 70       		.sleb128 -16
 979 0334 0B       		.uleb128 0xb
 980 0335 04       		.byte	0x4
 981 0336 3A030000 		.4byte	0x33a
 982 033a 13       		.uleb128 0x13
 983 033b DD020000 		.4byte	0x2dd
 984 033f 00       		.byte	0
 985 0340 00       		.byte	0
 986 0341 00       		.byte	0
 987 0342 00       		.byte	0
 988              		.section	.debug_abbrev,"",%progbits
 989              	.Ldebug_abbrev0:
 990 0000 01       		.uleb128 0x1
 991 0001 11       		.uleb128 0x11
 992 0002 01       		.byte	0x1
 993 0003 25       		.uleb128 0x25
 994 0004 0E       		.uleb128 0xe
 995 0005 13       		.uleb128 0x13
 996 0006 0B       		.uleb128 0xb
 997 0007 03       		.uleb128 0x3
 998 0008 0E       		.uleb128 0xe
 999 0009 1B       		.uleb128 0x1b
 1000 000a 0E       		.uleb128 0xe
 1001 000b 55       		.uleb128 0x55
 1002 000c 17       		.uleb128 0x17
 1003 000d 11       		.uleb128 0x11
 1004 000e 01       		.uleb128 0x1
 1005 000f 10       		.uleb128 0x10
 1006 0010 17       		.uleb128 0x17
 1007 0011 00       		.byte	0
 1008 0012 00       		.byte	0
 1009 0013 02       		.uleb128 0x2
 1010 0014 24       		.uleb128 0x24
 1011 0015 00       		.byte	0
 1012 0016 0B       		.uleb128 0xb
 1013 0017 0B       		.uleb128 0xb
 1014 0018 3E       		.uleb128 0x3e
 1015 0019 0B       		.uleb128 0xb
 1016 001a 03       		.uleb128 0x3
 1017 001b 08       		.uleb128 0x8
 1018 001c 00       		.byte	0
 1019 001d 00       		.byte	0
 1020 001e 03       		.uleb128 0x3
 1021 001f 16       		.uleb128 0x16
 1022 0020 00       		.byte	0
ARM GAS  C:\Users\jsing\AppData\Local\Temp\cc7TpSwB.s 			page 25


 1023 0021 03       		.uleb128 0x3
 1024 0022 0E       		.uleb128 0xe
 1025 0023 3A       		.uleb128 0x3a
 1026 0024 0B       		.uleb128 0xb
 1027 0025 3B       		.uleb128 0x3b
 1028 0026 0B       		.uleb128 0xb
 1029 0027 49       		.uleb128 0x49
 1030 0028 13       		.uleb128 0x13
 1031 0029 00       		.byte	0
 1032 002a 00       		.byte	0
 1033 002b 04       		.uleb128 0x4
 1034 002c 24       		.uleb128 0x24
 1035 002d 00       		.byte	0
 1036 002e 0B       		.uleb128 0xb
 1037 002f 0B       		.uleb128 0xb
 1038 0030 3E       		.uleb128 0x3e
 1039 0031 0B       		.uleb128 0xb
 1040 0032 03       		.uleb128 0x3
 1041 0033 0E       		.uleb128 0xe
 1042 0034 00       		.byte	0
 1043 0035 00       		.byte	0
 1044 0036 05       		.uleb128 0x5
 1045 0037 0F       		.uleb128 0xf
 1046 0038 00       		.byte	0
 1047 0039 0B       		.uleb128 0xb
 1048 003a 0B       		.uleb128 0xb
 1049 003b 00       		.byte	0
 1050 003c 00       		.byte	0
 1051 003d 06       		.uleb128 0x6
 1052 003e 16       		.uleb128 0x16
 1053 003f 00       		.byte	0
 1054 0040 03       		.uleb128 0x3
 1055 0041 0E       		.uleb128 0xe
 1056 0042 3A       		.uleb128 0x3a
 1057 0043 0B       		.uleb128 0xb
 1058 0044 3B       		.uleb128 0x3b
 1059 0045 05       		.uleb128 0x5
 1060 0046 49       		.uleb128 0x49
 1061 0047 13       		.uleb128 0x13
 1062 0048 00       		.byte	0
 1063 0049 00       		.byte	0
 1064 004a 07       		.uleb128 0x7
 1065 004b 35       		.uleb128 0x35
 1066 004c 00       		.byte	0
 1067 004d 49       		.uleb128 0x49
 1068 004e 13       		.uleb128 0x13
 1069 004f 00       		.byte	0
 1070 0050 00       		.byte	0
 1071 0051 08       		.uleb128 0x8
 1072 0052 2E       		.uleb128 0x2e
 1073 0053 01       		.byte	0x1
 1074 0054 03       		.uleb128 0x3
 1075 0055 0E       		.uleb128 0xe
 1076 0056 3A       		.uleb128 0x3a
 1077 0057 0B       		.uleb128 0xb
 1078 0058 3B       		.uleb128 0x3b
 1079 0059 0B       		.uleb128 0xb
ARM GAS  C:\Users\jsing\AppData\Local\Temp\cc7TpSwB.s 			page 26


 1080 005a 27       		.uleb128 0x27
 1081 005b 19       		.uleb128 0x19
 1082 005c 11       		.uleb128 0x11
 1083 005d 01       		.uleb128 0x1
 1084 005e 12       		.uleb128 0x12
 1085 005f 06       		.uleb128 0x6
 1086 0060 40       		.uleb128 0x40
 1087 0061 18       		.uleb128 0x18
 1088 0062 9642     		.uleb128 0x2116
 1089 0064 19       		.uleb128 0x19
 1090 0065 01       		.uleb128 0x1
 1091 0066 13       		.uleb128 0x13
 1092 0067 00       		.byte	0
 1093 0068 00       		.byte	0
 1094 0069 09       		.uleb128 0x9
 1095 006a 05       		.uleb128 0x5
 1096 006b 00       		.byte	0
 1097 006c 03       		.uleb128 0x3
 1098 006d 08       		.uleb128 0x8
 1099 006e 3A       		.uleb128 0x3a
 1100 006f 0B       		.uleb128 0xb
 1101 0070 3B       		.uleb128 0x3b
 1102 0071 0B       		.uleb128 0xb
 1103 0072 49       		.uleb128 0x49
 1104 0073 13       		.uleb128 0x13
 1105 0074 02       		.uleb128 0x2
 1106 0075 18       		.uleb128 0x18
 1107 0076 00       		.byte	0
 1108 0077 00       		.byte	0
 1109 0078 0A       		.uleb128 0xa
 1110 0079 05       		.uleb128 0x5
 1111 007a 00       		.byte	0
 1112 007b 03       		.uleb128 0x3
 1113 007c 0E       		.uleb128 0xe
 1114 007d 3A       		.uleb128 0x3a
 1115 007e 0B       		.uleb128 0xb
 1116 007f 3B       		.uleb128 0x3b
 1117 0080 0B       		.uleb128 0xb
 1118 0081 49       		.uleb128 0x49
 1119 0082 13       		.uleb128 0x13
 1120 0083 02       		.uleb128 0x2
 1121 0084 18       		.uleb128 0x18
 1122 0085 00       		.byte	0
 1123 0086 00       		.byte	0
 1124 0087 0B       		.uleb128 0xb
 1125 0088 0F       		.uleb128 0xf
 1126 0089 00       		.byte	0
 1127 008a 0B       		.uleb128 0xb
 1128 008b 0B       		.uleb128 0xb
 1129 008c 49       		.uleb128 0x49
 1130 008d 13       		.uleb128 0x13
 1131 008e 00       		.byte	0
 1132 008f 00       		.byte	0
 1133 0090 0C       		.uleb128 0xc
 1134 0091 26       		.uleb128 0x26
 1135 0092 00       		.byte	0
 1136 0093 00       		.byte	0
ARM GAS  C:\Users\jsing\AppData\Local\Temp\cc7TpSwB.s 			page 27


 1137 0094 00       		.byte	0
 1138 0095 0D       		.uleb128 0xd
 1139 0096 2E       		.uleb128 0x2e
 1140 0097 01       		.byte	0x1
 1141 0098 03       		.uleb128 0x3
 1142 0099 0E       		.uleb128 0xe
 1143 009a 3A       		.uleb128 0x3a
 1144 009b 0B       		.uleb128 0xb
 1145 009c 3B       		.uleb128 0x3b
 1146 009d 0B       		.uleb128 0xb
 1147 009e 27       		.uleb128 0x27
 1148 009f 19       		.uleb128 0x19
 1149 00a0 11       		.uleb128 0x11
 1150 00a1 01       		.uleb128 0x1
 1151 00a2 12       		.uleb128 0x12
 1152 00a3 06       		.uleb128 0x6
 1153 00a4 40       		.uleb128 0x40
 1154 00a5 18       		.uleb128 0x18
 1155 00a6 9742     		.uleb128 0x2117
 1156 00a8 19       		.uleb128 0x19
 1157 00a9 01       		.uleb128 0x1
 1158 00aa 13       		.uleb128 0x13
 1159 00ab 00       		.byte	0
 1160 00ac 00       		.byte	0
 1161 00ad 0E       		.uleb128 0xe
 1162 00ae 13       		.uleb128 0x13
 1163 00af 01       		.byte	0x1
 1164 00b0 0B       		.uleb128 0xb
 1165 00b1 0B       		.uleb128 0xb
 1166 00b2 3A       		.uleb128 0x3a
 1167 00b3 0B       		.uleb128 0xb
 1168 00b4 3B       		.uleb128 0x3b
 1169 00b5 0B       		.uleb128 0xb
 1170 00b6 01       		.uleb128 0x1
 1171 00b7 13       		.uleb128 0x13
 1172 00b8 00       		.byte	0
 1173 00b9 00       		.byte	0
 1174 00ba 0F       		.uleb128 0xf
 1175 00bb 0D       		.uleb128 0xd
 1176 00bc 00       		.byte	0
 1177 00bd 03       		.uleb128 0x3
 1178 00be 0E       		.uleb128 0xe
 1179 00bf 3A       		.uleb128 0x3a
 1180 00c0 0B       		.uleb128 0xb
 1181 00c1 3B       		.uleb128 0x3b
 1182 00c2 0B       		.uleb128 0xb
 1183 00c3 49       		.uleb128 0x49
 1184 00c4 13       		.uleb128 0x13
 1185 00c5 38       		.uleb128 0x38
 1186 00c6 0B       		.uleb128 0xb
 1187 00c7 00       		.byte	0
 1188 00c8 00       		.byte	0
 1189 00c9 10       		.uleb128 0x10
 1190 00ca 01       		.uleb128 0x1
 1191 00cb 01       		.byte	0x1
 1192 00cc 49       		.uleb128 0x49
 1193 00cd 13       		.uleb128 0x13
ARM GAS  C:\Users\jsing\AppData\Local\Temp\cc7TpSwB.s 			page 28


 1194 00ce 01       		.uleb128 0x1
 1195 00cf 13       		.uleb128 0x13
 1196 00d0 00       		.byte	0
 1197 00d1 00       		.byte	0
 1198 00d2 11       		.uleb128 0x11
 1199 00d3 21       		.uleb128 0x21
 1200 00d4 00       		.byte	0
 1201 00d5 49       		.uleb128 0x49
 1202 00d6 13       		.uleb128 0x13
 1203 00d7 2F       		.uleb128 0x2f
 1204 00d8 0B       		.uleb128 0xb
 1205 00d9 00       		.byte	0
 1206 00da 00       		.byte	0
 1207 00db 12       		.uleb128 0x12
 1208 00dc 34       		.uleb128 0x34
 1209 00dd 00       		.byte	0
 1210 00de 03       		.uleb128 0x3
 1211 00df 0E       		.uleb128 0xe
 1212 00e0 3A       		.uleb128 0x3a
 1213 00e1 0B       		.uleb128 0xb
 1214 00e2 3B       		.uleb128 0x3b
 1215 00e3 0B       		.uleb128 0xb
 1216 00e4 49       		.uleb128 0x49
 1217 00e5 13       		.uleb128 0x13
 1218 00e6 02       		.uleb128 0x2
 1219 00e7 18       		.uleb128 0x18
 1220 00e8 00       		.byte	0
 1221 00e9 00       		.byte	0
 1222 00ea 13       		.uleb128 0x13
 1223 00eb 26       		.uleb128 0x26
 1224 00ec 00       		.byte	0
 1225 00ed 49       		.uleb128 0x49
 1226 00ee 13       		.uleb128 0x13
 1227 00ef 00       		.byte	0
 1228 00f0 00       		.byte	0
 1229 00f1 14       		.uleb128 0x14
 1230 00f2 2E       		.uleb128 0x2e
 1231 00f3 00       		.byte	0
 1232 00f4 03       		.uleb128 0x3
 1233 00f5 0E       		.uleb128 0xe
 1234 00f6 3A       		.uleb128 0x3a
 1235 00f7 0B       		.uleb128 0xb
 1236 00f8 3B       		.uleb128 0x3b
 1237 00f9 0B       		.uleb128 0xb
 1238 00fa 27       		.uleb128 0x27
 1239 00fb 19       		.uleb128 0x19
 1240 00fc 11       		.uleb128 0x11
 1241 00fd 01       		.uleb128 0x1
 1242 00fe 12       		.uleb128 0x12
 1243 00ff 06       		.uleb128 0x6
 1244 0100 40       		.uleb128 0x40
 1245 0101 18       		.uleb128 0x18
 1246 0102 9642     		.uleb128 0x2116
 1247 0104 19       		.uleb128 0x19
 1248 0105 00       		.byte	0
 1249 0106 00       		.byte	0
 1250 0107 15       		.uleb128 0x15
ARM GAS  C:\Users\jsing\AppData\Local\Temp\cc7TpSwB.s 			page 29


 1251 0108 2E       		.uleb128 0x2e
 1252 0109 00       		.byte	0
 1253 010a 03       		.uleb128 0x3
 1254 010b 0E       		.uleb128 0xe
 1255 010c 3A       		.uleb128 0x3a
 1256 010d 0B       		.uleb128 0xb
 1257 010e 3B       		.uleb128 0x3b
 1258 010f 05       		.uleb128 0x5
 1259 0110 27       		.uleb128 0x27
 1260 0111 19       		.uleb128 0x19
 1261 0112 11       		.uleb128 0x11
 1262 0113 01       		.uleb128 0x1
 1263 0114 12       		.uleb128 0x12
 1264 0115 06       		.uleb128 0x6
 1265 0116 40       		.uleb128 0x40
 1266 0117 18       		.uleb128 0x18
 1267 0118 9742     		.uleb128 0x2117
 1268 011a 19       		.uleb128 0x19
 1269 011b 00       		.byte	0
 1270 011c 00       		.byte	0
 1271 011d 16       		.uleb128 0x16
 1272 011e 2E       		.uleb128 0x2e
 1273 011f 01       		.byte	0x1
 1274 0120 3F       		.uleb128 0x3f
 1275 0121 19       		.uleb128 0x19
 1276 0122 03       		.uleb128 0x3
 1277 0123 0E       		.uleb128 0xe
 1278 0124 3A       		.uleb128 0x3a
 1279 0125 0B       		.uleb128 0xb
 1280 0126 3B       		.uleb128 0x3b
 1281 0127 05       		.uleb128 0x5
 1282 0128 27       		.uleb128 0x27
 1283 0129 19       		.uleb128 0x19
 1284 012a 11       		.uleb128 0x11
 1285 012b 01       		.uleb128 0x1
 1286 012c 12       		.uleb128 0x12
 1287 012d 06       		.uleb128 0x6
 1288 012e 40       		.uleb128 0x40
 1289 012f 18       		.uleb128 0x18
 1290 0130 9642     		.uleb128 0x2116
 1291 0132 19       		.uleb128 0x19
 1292 0133 00       		.byte	0
 1293 0134 00       		.byte	0
 1294 0135 17       		.uleb128 0x17
 1295 0136 0B       		.uleb128 0xb
 1296 0137 01       		.byte	0x1
 1297 0138 11       		.uleb128 0x11
 1298 0139 01       		.uleb128 0x1
 1299 013a 12       		.uleb128 0x12
 1300 013b 06       		.uleb128 0x6
 1301 013c 00       		.byte	0
 1302 013d 00       		.byte	0
 1303 013e 18       		.uleb128 0x18
 1304 013f 13       		.uleb128 0x13
 1305 0140 01       		.byte	0x1
 1306 0141 0B       		.uleb128 0xb
 1307 0142 0B       		.uleb128 0xb
ARM GAS  C:\Users\jsing\AppData\Local\Temp\cc7TpSwB.s 			page 30


 1308 0143 3A       		.uleb128 0x3a
 1309 0144 0B       		.uleb128 0xb
 1310 0145 3B       		.uleb128 0x3b
 1311 0146 05       		.uleb128 0x5
 1312 0147 01       		.uleb128 0x1
 1313 0148 13       		.uleb128 0x13
 1314 0149 00       		.byte	0
 1315 014a 00       		.byte	0
 1316 014b 19       		.uleb128 0x19
 1317 014c 0D       		.uleb128 0xd
 1318 014d 00       		.byte	0
 1319 014e 03       		.uleb128 0x3
 1320 014f 0E       		.uleb128 0xe
 1321 0150 3A       		.uleb128 0x3a
 1322 0151 0B       		.uleb128 0xb
 1323 0152 3B       		.uleb128 0x3b
 1324 0153 05       		.uleb128 0x5
 1325 0154 49       		.uleb128 0x49
 1326 0155 13       		.uleb128 0x13
 1327 0156 38       		.uleb128 0x38
 1328 0157 0B       		.uleb128 0xb
 1329 0158 00       		.byte	0
 1330 0159 00       		.byte	0
 1331 015a 1A       		.uleb128 0x1a
 1332 015b 34       		.uleb128 0x34
 1333 015c 00       		.byte	0
 1334 015d 03       		.uleb128 0x3
 1335 015e 0E       		.uleb128 0xe
 1336 015f 3A       		.uleb128 0x3a
 1337 0160 0B       		.uleb128 0xb
 1338 0161 3B       		.uleb128 0x3b
 1339 0162 05       		.uleb128 0x5
 1340 0163 49       		.uleb128 0x49
 1341 0164 13       		.uleb128 0x13
 1342 0165 02       		.uleb128 0x2
 1343 0166 18       		.uleb128 0x18
 1344 0167 00       		.byte	0
 1345 0168 00       		.byte	0
 1346 0169 1B       		.uleb128 0x1b
 1347 016a 34       		.uleb128 0x34
 1348 016b 00       		.byte	0
 1349 016c 03       		.uleb128 0x3
 1350 016d 08       		.uleb128 0x8
 1351 016e 3A       		.uleb128 0x3a
 1352 016f 0B       		.uleb128 0xb
 1353 0170 3B       		.uleb128 0x3b
 1354 0171 05       		.uleb128 0x5
 1355 0172 49       		.uleb128 0x49
 1356 0173 13       		.uleb128 0x13
 1357 0174 02       		.uleb128 0x2
 1358 0175 18       		.uleb128 0x18
 1359 0176 00       		.byte	0
 1360 0177 00       		.byte	0
 1361 0178 00       		.byte	0
 1362              		.section	.debug_aranges,"",%progbits
 1363 0000 4C000000 		.4byte	0x4c
 1364 0004 0200     		.2byte	0x2
ARM GAS  C:\Users\jsing\AppData\Local\Temp\cc7TpSwB.s 			page 31


 1365 0006 00000000 		.4byte	.Ldebug_info0
 1366 000a 04       		.byte	0x4
 1367 000b 00       		.byte	0
 1368 000c 0000     		.2byte	0
 1369 000e 0000     		.2byte	0
 1370 0010 00000000 		.4byte	.LFB2
 1371 0014 1E000000 		.4byte	.LFE2-.LFB2
 1372 0018 00000000 		.4byte	.LFB3
 1373 001c 22000000 		.4byte	.LFE3-.LFB3
 1374 0020 00000000 		.4byte	.LFB4
 1375 0024 22000000 		.4byte	.LFE4-.LFB4
 1376 0028 00000000 		.4byte	.LFB5
 1377 002c A4000000 		.4byte	.LFE5-.LFB5
 1378 0030 A4000000 		.4byte	.LFB6
 1379 0034 B4000000 		.4byte	.LFE6-.LFB6
 1380 0038 00000000 		.4byte	.LFB7
 1381 003c 28000000 		.4byte	.LFE7-.LFB7
 1382 0040 58010000 		.4byte	.LFB8
 1383 0044 F8000000 		.4byte	.LFE8-.LFB8
 1384 0048 00000000 		.4byte	0
 1385 004c 00000000 		.4byte	0
 1386              		.section	.debug_ranges,"",%progbits
 1387              	.Ldebug_ranges0:
 1388 0000 00000000 		.4byte	.LFB2
 1389 0004 1E000000 		.4byte	.LFE2
 1390 0008 00000000 		.4byte	.LFB3
 1391 000c 22000000 		.4byte	.LFE3
 1392 0010 00000000 		.4byte	.LFB4
 1393 0014 22000000 		.4byte	.LFE4
 1394 0018 00000000 		.4byte	.LFB5
 1395 001c A4000000 		.4byte	.LFE5
 1396 0020 A4000000 		.4byte	.LFB6
 1397 0024 58010000 		.4byte	.LFE6
 1398 0028 00000000 		.4byte	.LFB7
 1399 002c 28000000 		.4byte	.LFE7
 1400 0030 58010000 		.4byte	.LFB8
 1401 0034 50020000 		.4byte	.LFE8
 1402 0038 00000000 		.4byte	0
 1403 003c 00000000 		.4byte	0
 1404              		.section	.debug_line,"",%progbits
 1405              	.Ldebug_line0:
 1406 0000 7F010000 		.section	.debug_str,"MS",%progbits,1
 1406      0200D000 
 1406      00000201 
 1406      FB0E0D00 
 1406      01010101 
 1407              	.LASF19:
 1408 0000 72656733 		.ascii	"reg32\000"
 1408      3200
 1409              	.LASF11:
 1410 0006 73697A65 		.ascii	"size_t\000"
 1410      5F7400
 1411              	.LASF38:
 1412 000d 416E616C 		.ascii	"AnalogSetDefault\000"
 1412      6F675365 
 1412      74446566 
 1412      61756C74 
ARM GAS  C:\Users\jsing\AppData\Local\Temp\cc7TpSwB.s 			page 32


 1412      00
 1413              	.LASF29:
 1414 001e 696D6F5F 		.ascii	"imo_trim_entry_t\000"
 1414      7472696D 
 1414      5F656E74 
 1414      72795F74 
 1414      00
 1415              	.LASF42:
 1416 002f 6366675F 		.ascii	"cfg_memset_list\000"
 1416      6D656D73 
 1416      65745F6C 
 1416      69737400 
 1417              	.LASF37:
 1418 003f 436C6F63 		.ascii	"ClockSetup\000"
 1418      6B536574 
 1418      757000
 1419              	.LASF28:
 1420 004a 746D7063 		.ascii	"tmpco\000"
 1420      6F00
 1421              	.LASF4:
 1422 0050 73686F72 		.ascii	"short unsigned int\000"
 1422      7420756E 
 1422      7369676E 
 1422      65642069 
 1422      6E7400
 1423              	.LASF3:
 1424 0063 73686F72 		.ascii	"short int\000"
 1424      7420696E 
 1424      7400
 1425              	.LASF24:
 1426 006d 53657449 		.ascii	"SetIMOBGTrims\000"
 1426      4D4F4247 
 1426      5472696D 
 1426      7300
 1427              	.LASF16:
 1428 007b 666C6F61 		.ascii	"float\000"
 1428      7400
 1429              	.LASF34:
 1430 0081 696D6F54 		.ascii	"imoTrimIndex\000"
 1430      72696D49 
 1430      6E646578 
 1430      00
 1431              	.LASF22:
 1432 008e 64657374 		.ascii	"dest\000"
 1432      00
 1433              	.LASF40:
 1434 0093 73697A65 		.ascii	"size\000"
 1434      00
 1435              	.LASF18:
 1436 0098 72656738 		.ascii	"reg8\000"
 1436      00
 1437              	.LASF6:
 1438 009d 6C6F6E67 		.ascii	"long unsigned int\000"
 1438      20756E73 
 1438      69676E65 
 1438      6420696E 
 1438      7400
ARM GAS  C:\Users\jsing\AppData\Local\Temp\cc7TpSwB.s 			page 33


 1439              	.LASF15:
 1440 00af 696E7433 		.ascii	"int32\000"
 1440      3200
 1441              	.LASF20:
 1442 00b5 43594D45 		.ascii	"CYMEMZERO\000"
 1442      4D5A4552 
 1442      4F00
 1443              	.LASF2:
 1444 00bf 756E7369 		.ascii	"unsigned char\000"
 1444      676E6564 
 1444      20636861 
 1444      7200
 1445              	.LASF17:
 1446 00cd 646F7562 		.ascii	"double\000"
 1446      6C6500
 1447              	.LASF25:
 1448 00d4 696D6F46 		.ascii	"imoFreq\000"
 1448      72657100 
 1449              	.LASF21:
 1450 00dc 4359434F 		.ascii	"CYCONFIGCPY\000"
 1450      4E464947 
 1450      43505900 
 1451              	.LASF33:
 1452 00e8 494D4F5F 		.ascii	"IMO_TRIM_FREQ_TABLE_ENTRIES\000"
 1452      5452494D 
 1452      5F465245 
 1452      515F5441 
 1452      424C455F 
 1453              	.LASF13:
 1454 0104 75696E74 		.ascii	"uint16\000"
 1454      313600
 1455              	.LASF14:
 1456 010b 75696E74 		.ascii	"uint32\000"
 1456      333200
 1457              	.LASF0:
 1458 0112 756E7369 		.ascii	"unsigned int\000"
 1458      676E6564 
 1458      20696E74 
 1458      00
 1459              	.LASF46:
 1460 011f 63796669 		.ascii	"cyfitter_cfg\000"
 1460      74746572 
 1460      5F636667 
 1460      00
 1461              	.LASF39:
 1462 012c 61646472 		.ascii	"address\000"
 1462      65737300 
 1463              	.LASF8:
 1464 0134 6C6F6E67 		.ascii	"long long unsigned int\000"
 1464      206C6F6E 
 1464      6720756E 
 1464      7369676E 
 1464      65642069 
 1465              	.LASF31:
 1466 014b 696D6F5F 		.ascii	"imo_trim_table_t\000"
 1466      7472696D 
 1466      5F746162 
ARM GAS  C:\Users\jsing\AppData\Local\Temp\cc7TpSwB.s 			page 34


 1466      6C655F74 
 1466      00
 1467              	.LASF41:
 1468 015c 6366675F 		.ascii	"cfg_memset_t\000"
 1468      6D656D73 
 1468      65745F74 
 1468      00
 1469              	.LASF44:
 1470 0169 2E5C4765 		.ascii	".\\Generated_Source\\PSoC4\\cyfitter_cfg.c\000"
 1470      6E657261 
 1470      7465645F 
 1470      536F7572 
 1470      63655C50 
 1471              	.LASF9:
 1472 0191 73697A65 		.ascii	"sizetype\000"
 1472      74797065 
 1472      00
 1473              	.LASF36:
 1474 019a 73657454 		.ascii	"setTmpCo\000"
 1474      6D70436F 
 1474      00
 1475              	.LASF7:
 1476 01a3 6C6F6E67 		.ascii	"long long int\000"
 1476      206C6F6E 
 1476      6720696E 
 1476      7400
 1477              	.LASF10:
 1478 01b1 63686172 		.ascii	"char\000"
 1478      00
 1479              	.LASF27:
 1480 01b6 6162736F 		.ascii	"absolute\000"
 1480      6C757465 
 1480      00
 1481              	.LASF45:
 1482 01bf 433A5C55 		.ascii	"C:\\Users\\jsing\\Documents\\PSoC Creator\\Lab 1\\L"
 1482      73657273 
 1482      5C6A7369 
 1482      6E675C44 
 1482      6F63756D 
 1483 01ec 61622031 		.ascii	"ab 1.cydsn\000"
 1483      2E637964 
 1483      736E00
 1484              	.LASF26:
 1485 01f7 66726571 		.ascii	"freq\000"
 1485      00
 1486              	.LASF12:
 1487 01fc 75696E74 		.ascii	"uint8\000"
 1487      3800
 1488              	.LASF32:
 1489 0202 696D6F5F 		.ascii	"imo_trim_table\000"
 1489      7472696D 
 1489      5F746162 
 1489      6C6500
 1490              	.LASF5:
 1491 0211 6C6F6E67 		.ascii	"long int\000"
 1491      20696E74 
 1491      00
ARM GAS  C:\Users\jsing\AppData\Local\Temp\cc7TpSwB.s 			page 35


 1492              	.LASF30:
 1493 021a 656E7472 		.ascii	"entries\000"
 1493      69657300 
 1494              	.LASF35:
 1495 0222 73657441 		.ascii	"setAbs\000"
 1495      627300
 1496              	.LASF1:
 1497 0229 7369676E 		.ascii	"signed char\000"
 1497      65642063 
 1497      68617200 
 1498              	.LASF23:
 1499 0235 4359434F 		.ascii	"CYCONFIGCPYCODE\000"
 1499      4E464947 
 1499      43505943 
 1499      4F444500 
 1500              	.LASF43:
 1501 0245 474E5520 		.ascii	"GNU C 4.8.4 20140526 (release) [ARM/embedded-4_8-br"
 1501      4320342E 
 1501      382E3420 
 1501      32303134 
 1501      30353236 
 1502 0278 616E6368 		.ascii	"anch revision 211358] -mcpu=cortex-m0 -mthumb -g -O"
 1502      20726576 
 1502      6973696F 
 1502      6E203231 
 1502      31333538 
 1503 02ab 30202D66 		.ascii	"0 -ffunction-sections\000"
 1503      66756E63 
 1503      74696F6E 
 1503      2D736563 
 1503      74696F6E 
 1504              		.ident	"GCC: (GNU Tools for ARM Embedded Processors) 4.8.4 20140526 (release) [ARM/embedded-4_8-br
